minix/crypto/external/bsd/heimdal/dist/kpasswd/kpasswdd.c
minix/crypto/external/bsd/heimdal/dist/lib/roken/getifaddrs.c
minix/crypto/external/bsd/heimdal/dist/lib/roken/recvmsg.c
minix/crypto/external/bsd/heimdal/dist/lib/roken/concat.c
minix/crypto/external/bsd/heimdal/dist/lib/hcrypto/rsa-tfm.c
minix/crypto/external/bsd/heimdal/dist/lib/hcrypto/libtommath/demo/demo.c
minix/crypto/external/bsd/heimdal/dist/lib/hcrypto/libtommath/demo/timing.c
minix/crypto/external/bsd/heimdal/dist/lib/hcrypto/libtommath/bn_mp_invmod_slow.c
minix/crypto/external/bsd/heimdal/dist/lib/hcrypto/libtommath/bn_fast_mp_invmod.c
minix/crypto/external/bsd/heimdal/dist/lib/hcrypto/libtommath/mtest/mtest.c
minix/crypto/external/bsd/heimdal/dist/lib/hcrypto/libtommath/mtest/mpi.c
minix/crypto/external/bsd/heimdal/dist/lib/hcrypto/libtommath/bn_mp_invmod.c
minix/crypto/external/bsd/heimdal/dist/lib/hcrypto/libtommath/bn_mp_exptmod.c
minix/crypto/external/bsd/heimdal/dist/lib/hcrypto/rsa-ltm.c
minix/crypto/external/bsd/heimdal/dist/lib/ipc/server.c
minix/crypto/external/bsd/heimdal/dist/lib/ipc/client.c
minix/crypto/external/bsd/netpgp/dist/bindings/python/netpgppython_wrap.c
minix/crypto/external/bsd/netpgp/dist/src/librsa/rsa.c
minix/crypto/external/bsd/netpgp/dist/src/libbn/bignum.c
minix/crypto/external/bsd/netpgp/dist/src/netpgpverify/rsa.c
minix/crypto/external/bsd/netpgp/dist/src/netpgpverify/bignum.c
minix/crypto/external/bsd/netpgp/dist/src/netpgpverify/pgpsum.c
minix/crypto/external/bsd/netpgp/dist/src/libverify/pgpsum.c
minix/crypto/external/bsd/openssl/dist/crypto/bio/bss_dgram.c
minix/crypto/external/bsd/openssl/dist/crypto/o_dir.c
minix/crypto/external/bsd/openssl/dist/crypto/dso/dso_vms.c
minix/crypto/external/bsd/openssl/dist/crypto/dso/dso_openssl.c
minix/crypto/external/bsd/openssl/dist/crypto/LPdir_vms.c
minix/crypto/external/bsd/openssl/dist/crypto/o_time.c
minix/crypto/external/bsd/openssl/dist/crypto/bn/vms-helper.c
minix/crypto/external/bsd/openssl/dist/crypto/rand/randfile.c
minix/crypto/external/bsd/openssl/dist/crypto/rand/rand_vms.c
minix/crypto/external/bsd/openssl/dist/crypto/engine/eng_cryptodev.c
minix/usr.bin/nbperf/graph3.c
minix/usr.bin/netstat/mroute.c
minix/usr.bin/netstat/mbuf.c
minix/usr.bin/netstat/pfsync.c
minix/usr.bin/netstat/unix.c
minix/usr.bin/netstat/if.c
minix/usr.bin/netstat/main.c
minix/usr.bin/netstat/fast_ipsec.c
minix/usr.bin/netstat/inet6.c
minix/usr.bin/netstat/vtw.c
minix/usr.bin/netstat/mroute6.c
minix/usr.bin/netstat/atalk.c
minix/usr.bin/netstat/inet.c
minix/usr.bin/netstat/route.c
minix/usr.bin/netstat/bpf.c
minix/usr.bin/m4/main.c
minix/usr.bin/ipcs/ipcs.c
minix/usr.bin/telnet/sys_bsd.c
minix/usr.bin/w/w.c
minix/bin/csh/func.c
minix/bin/pax/dumptar.c
minix/bin/pax/cpio.c
minix/bin/pax/tar.c
minix/bin/sh/miscbltin.c
minix/bin/sh/var.c
minix/bin/ps/nlist.c
minix/bin/ps/print.c
minix/bin/ps/ps.c
minix/bin/ps/keyword.c
minix/bin/ps/fmt.c
minix/bin/ksh/emacs.c
minix/bin/ksh/c_ulimit.c
minix/bin/ls/ls.c
minix/bin/ls/cmp.c
minix/sbin/fsck/fsutil.c
minix/sbin/fsck/partutil.c
minix/sbin/sysctl/sysctl.c
minix/sbin/ping6/ping6_hostops.c
minix/sbin/ping6/ping6.c
minix/sbin/ping6/ping6_rumpops.c
minix/tests/net/fdpass/fdpass.c
minix/tests/net/net/t_pktinfo.c
minix/tests/net/bpf/t_bpf.c
minix/tests/include/sys/t_socket.c
minix/tests/rump/rumpkern/t_vm.c
minix/tests/rump/kernspace/busypage.c
minix/tests/rump/kernspace/alloc.c
minix/tests/lib/libc/sys/t_recvmmsg.c
minix/tests/lib/libc/sys/t_mincore.c
minix/tests/lib/libc/sys/t_mlock.c
minix/tests/lib/libc/sys/t_mmap.c
minix/tests/lib/libc/sys/t_lwp_create.c
minix/tests/lib/libc/sys/t_write.c
minix/tests/lib/libc/sys/t_kevent.c
minix/tests/modules/k_uvm/k_uvm.c
minix/tests/fs/umapfs/t_basic.c
minix/tests/fs/nfs/nfsservice/mountd.c
minix/tests/fs/puffs/t_basic.c
minix/tests/fs/puffs/h_dtfs/dtfs_vnops.c
minix/tests/kernel/t_sysv.c
minix/usr.sbin/traceroute6/traceroute6.c
minix/usr.sbin/syslogd/syslogd.c
minix/usr.sbin/rtadvd/rtadvd.c
minix/common/dist/zlib/contrib/masmx86/gvmat32c.c
minix/common/dist/zlib/contrib/untgz/untgz.c
minix/common/lib/libprop/prop_kern.c
minix/sys/ufs/ext2fs/ext2fs_inode.c
minix/sys/ufs/ext2fs/ext2fs_vnops.c
minix/sys/ufs/ext2fs/ext2fs_vfsops.c
minix/sys/ufs/ext2fs/ext2fs_readwrite.c
minix/sys/ufs/ext2fs/ext2fs_balloc.c
minix/sys/ufs/ext2fs/ext2fs_lookup.c
minix/sys/ufs/ufs/ufs_lookup.c
minix/sys/ufs/ufs/ufs_readwrite.c
minix/sys/ufs/ufs/ufs_inode.c
minix/sys/ufs/ufs/ufs_wapbl.c
minix/sys/ufs/ufs/ufs_vnops.c
minix/sys/ufs/ufs/ufs_quota2.c
minix/sys/ufs/chfs/chfs_vnops.c
minix/sys/ufs/chfs/chfs_vfsops.c
minix/sys/ufs/chfs/chfs_subr.c
minix/sys/ufs/chfs/chfs_pool.c
minix/sys/ufs/mfs/mfs_vfsops.c
minix/sys/ufs/mfs/mfs_vnops.c
minix/sys/ufs/lfs/ulfs_quota2.c
minix/sys/ufs/lfs/lfs_inode.c
minix/sys/ufs/lfs/lfs_segment.c
minix/sys/ufs/lfs/ulfs_inode.c
minix/sys/ufs/lfs/ulfs_snapshot.c
minix/sys/ufs/lfs/ulfs_readwrite.c
minix/sys/ufs/lfs/lfs_pages.c
minix/sys/ufs/lfs/lfs_vfsops.c
minix/sys/ufs/lfs/lfs_balloc.c
minix/sys/ufs/lfs/lfs_subr.c
minix/sys/ufs/lfs/lfs_rename.c
minix/sys/ufs/lfs/lfs_vnops.c
minix/sys/ufs/lfs/ulfs_vnops.c
minix/sys/ufs/lfs/lfs_rfw.c
minix/sys/ufs/lfs/lfs_bio.c
minix/sys/ufs/lfs/lfs_alloc.c
minix/sys/ufs/lfs/ulfs_lookup.c
minix/sys/ufs/ffs/ffs_balloc.c
minix/sys/ufs/ffs/ffs_vfsops.c
minix/sys/ufs/ffs/ffs_inode.c
minix/sys/ufs/ffs/ffs_alloc.c
minix/sys/ufs/ffs/ffs_vnops.c
minix/sys/ufs/ffs/ffs_snapshot.c
minix/sys/arch/i386/stand/lib/test/ether_bpf.c
minix/sys/arch/i386/stand/lib/netif/netif_small.c
minix/sys/arch/i386/stand/lib/netif/dp8390.c
minix/sys/lib/libsa/bootp.c
minix/sys/dev/pci/pci_subr.c
minix/sys/dev/videomode/vesagtf.c
minix/sys/dev/videomode/edid.c
minix/sys/external/bsd/compiler_rt/dist/test/Unit/udivmodsi4_test.c
minix/sys/external/bsd/compiler_rt/dist/test/Unit/divmodsi4_test.c
minix/sys/external/bsd/compiler_rt/dist/test/Unit/udivmodti4_test.c
minix/sys/external/bsd/compiler_rt/dist/test/Unit/udivmoddi4_test.c
minix/sys/external/bsd/compiler_rt/dist/test/builtins/Unit/udivmodsi4_test.c
minix/sys/external/bsd/compiler_rt/dist/test/builtins/Unit/divmodsi4_test.c
minix/sys/external/bsd/compiler_rt/dist/test/builtins/Unit/udivmodti4_test.c
minix/sys/external/bsd/compiler_rt/dist/test/builtins/Unit/udivmoddi4_test.c
minix/sys/external/bsd/compiler_rt/dist/test/profile/instrprof-write-file.c
minix/sys/external/bsd/compiler_rt/dist/test/profile/instrprof-write-file-only.c
minix/sys/external/bsd/compiler_rt/dist/test/profile/instrprof-without-libc.c
minix/sys/external/bsd/compiler_rt/dist/test/profile/instrprof-set-filename.c
minix/sys/external/bsd/compiler_rt/dist/test/profile/instrprof-reset-counters.c
minix/sys/external/bsd/compiler_rt/dist/test/profile/instrprof-write-file-atexit-explicitly.c
minix/sys/external/bsd/compiler_rt/dist/test/profile/instrprof-basic.c
minix/sys/external/bsd/compiler_rt/dist/lib/builtins/divmoddi4.c
minix/sys/external/bsd/compiler_rt/dist/lib/builtins/divmodsi4.c
minix/sys/external/bsd/compiler_rt/dist/lib/builtins/udivmodsi4.c
minix/sys/external/bsd/compiler_rt/dist/lib/builtins/udivmoddi4.c
minix/sys/external/bsd/compiler_rt/dist/lib/builtins/umodti3.c
minix/sys/external/bsd/compiler_rt/dist/lib/builtins/udivmodti4.c
minix/sys/external/bsd/compiler_rt/dist/lib/builtins/umoddi3.c
minix/sys/external/bsd/compiler_rt/dist/lib/builtins/divdi3.c
minix/sys/external/bsd/compiler_rt/dist/lib/builtins/divti3.c
minix/sys/external/bsd/compiler_rt/dist/lib/builtins/udivdi3.c
minix/sys/external/bsd/compiler_rt/dist/lib/builtins/udivti3.c
minix/sys/external/bsd/compiler_rt/dist/lib/builtins/modti3.c
minix/sys/external/bsd/compiler_rt/dist/lib/builtins/moddi3.c
minix/sys/external/bsd/compiler_rt/dist/lib/profile/InstrProfiling.c
minix/sys/external/bsd/compiler_rt/dist/lib/profile/InstrProfilingBuffer.c
minix/sys/external/bsd/compiler_rt/dist/lib/profile/InstrProfilingPlatformOther.c
minix/sys/external/bsd/compiler_rt/dist/lib/profile/PGOProfiling.c
minix/sys/external/bsd/compiler_rt/dist/lib/profile/InstrProfilingPlatformDarwin.c
minix/sys/external/bsd/compiler_rt/dist/lib/profile/InstrProfilingFile.c
minix/sys/external/bsd/compiler_rt/dist/lib/profile/GCDAProfiling.c
minix/sys/fs/v7fs/v7fs_vnops.c
minix/sys/fs/v7fs/v7fs_vfsops.c
minix/sys/fs/cd9660/cd9660_vnops.c
minix/sys/fs/cd9660/cd9660_vfsops.c
minix/sys/fs/puffs/puffs_msgif.c
minix/sys/fs/puffs/puffs_vnops.c
minix/sys/fs/puffs/puffs_vfsops.c
minix/sys/fs/puffs/puffs_node.c
minix/sys/fs/udf/udf_strat_rmw.c
minix/sys/fs/udf/udf_allocation.c
minix/sys/fs/udf/udf_vnops.c
minix/sys/fs/udf/udf_subr.c
minix/sys/fs/msdosfs/msdosfs_vnops.c
minix/sys/fs/msdosfs/msdosfs_denode.c
minix/lib/libc/cdb/cdbw.c
minix/lib/libc/resolv/res_init.c
minix/lib/libc/gen/devname.c
minix/lib/libc/gen/getloadavg.c
minix/lib/libc/gen/getdevmajor.c
minix/lib/libc/arch/powerpc/gen/syncicache.c
minix/lib/libc/arch/powerpc64/gen/syncicache.c
minix/lib/libc/arch/arm/hardfloat/fpgetround.c
minix/lib/libc/arch/arm/hardfloat/fpsetround.c
minix/lib/libc/isc/ev_streams.c
minix/lib/libc/db/recno/rec_open.c
minix/lib/libc/db/recno/rec_get.c
minix/lib/libc/stdlib/jemalloc.c
minix/lib/libc/stdlib/malloc.c
minix/lib/libc/rpc/svc_vc.c
minix/lib/libcurses/tty.c
minix/lib/libcrypt/md5crypt.c
minix/lib/libcrypt/crypt-sha1.c
minix/lib/libpuffs/opdump.c
minix/lib/libutil/kinfo_getvmmap.c
minix/lib/libutil/login_cap.c
minix/lib/libkvm/kvm_sparc64.c
minix/lib/libkvm/kvm.c
minix/lib/libkvm/kvm_powerpc.c
minix/lib/libkvm/kvm_arm.c
minix/lib/libkvm/kvm_vax.c
minix/lib/libkvm/kvm_m68k_cmn.c
minix/lib/libkvm/kvm_riscv.c
minix/lib/libkvm/kvm_i386.c
minix/lib/libkvm/kvm_sun3.c
minix/lib/libkvm/kvm_sun3x.c
minix/lib/libkvm/kvm_mips.c
minix/lib/libkvm/kvm_x86_64.c
minix/lib/libkvm/kvm_m68k.c
minix/lib/libkvm/kvm_proc.c
minix/lib/libkvm/kvm_alpha.c
minix/lib/libkvm/kvm_sun2.c
minix/lib/libkvm/kvm_or1k.c
minix/lib/libkvm/kvm_file.c
minix/lib/libkvm/kvm_powerpc64.c
minix/lib/libkvm/kvm_hppa.c
minix/lib/libkvm/kvm_aarch64.c
minix/lib/libkvm/kvm_getloadavg.c
minix/lib/libkvm/kvm_sh3.c
minix/lib/libkvm/kvm_sparc.c
minix/lib/libkvm/kvm_i386pae.c
minix/external/bsd/top/dist/machine/m_hpux9.c
minix/external/bsd/top/dist/machine/m_aix5.c
minix/external/bsd/top/dist/machine/m_hpux7.c
minix/external/bsd/top/dist/machine/m_linux.c
minix/external/bsd/top/dist/machine/m_netbsd.c
minix/external/bsd/top/dist/machine/m_svr4.c
minix/external/bsd/top/dist/machine/m_sunos4.c
minix/external/bsd/top/dist/machine/m_freebsd.c
minix/external/bsd/top/dist/machine/m_aix43.c
minix/external/bsd/top/dist/machine/m_macosx.c
minix/external/bsd/top/dist/machine/m_sunos5.c
minix/external/bsd/top/dist/machine/m_decosf1.c
minix/external/bsd/top/dist/machine/m_hpux8.c
minix/external/bsd/top/dist/machine/m_hpux10.c
minix/external/bsd/top/dist/machine/m_svr5.c
minix/external/bsd/mdocml/dist/man.c
minix/external/bsd/mdocml/dist/mdoc_macro.c
minix/external/bsd/mdocml/dist/mdoc.c
minix/external/bsd/mdocml/dist/mdoc_validate.c
minix/external/bsd/mdocml/dist/read.c
minix/external/bsd/mdocml/dist/man_validate.c
minix/external/bsd/byacc/dist/test/btyacc/varsyntax_calc1.tab.c
minix/external/bsd/byacc/dist/test/btyacc/grammar.tab.c
minix/external/bsd/byacc/dist/test/btyacc/calc1.tab.c
minix/external/bsd/byacc/dist/test/btyacc/btyacc_calc1.tab.c
minix/external/bsd/byacc/dist/test/yacc/varsyntax_calc1.tab.c
minix/external/bsd/byacc/dist/test/yacc/grammar.tab.c
minix/external/bsd/byacc/dist/test/yacc/calc1.tab.c
minix/external/bsd/llvm/dist/clang/test/PCH/pragma-optimize.c
minix/external/bsd/llvm/dist/clang/test/PCH/blocks.c
minix/external/bsd/llvm/dist/clang/test/PCH/chain-external-defs.c
minix/external/bsd/llvm/dist/clang/test/PCH/target-options.c
minix/external/bsd/llvm/dist/clang/test/PCH/preamble.c
minix/external/bsd/llvm/dist/clang/test/PCH/debug-info-limited-struct.c
minix/external/bsd/llvm/dist/clang/test/PCH/attrs-PR8406.c
minix/external/bsd/llvm/dist/clang/test/PCH/va_arg.c
minix/external/bsd/llvm/dist/clang/test/PCH/pragma-weak.c
minix/external/bsd/llvm/dist/clang/test/PCH/stmts.c
minix/external/bsd/llvm/dist/clang/test/PCH/designated-init.c
minix/external/bsd/llvm/dist/clang/test/PCH/pr4489.c
minix/external/bsd/llvm/dist/clang/test/PCH/external-defs.c
minix/external/bsd/llvm/dist/clang/test/PCH/__va_list_tag.c
minix/external/bsd/llvm/dist/clang/test/PCH/tentative-defs.c
minix/external/bsd/llvm/dist/clang/test/VFS/external-names.c
minix/external/bsd/llvm/dist/clang/test/Analysis/dead-stores.c
minix/external/bsd/llvm/dist/clang/test/Analysis/pr_4164.c
minix/external/bsd/llvm/dist/clang/test/Analysis/no-exit-cfg.c
minix/external/bsd/llvm/dist/clang/test/Analysis/checker-plugins.c
minix/external/bsd/llvm/dist/clang/test/Analysis/svalbuilder-logic.c
minix/external/bsd/llvm/dist/clang/test/Frontend/ir-support.c
minix/external/bsd/llvm/dist/clang/test/Frontend/backend-diagnostic.c
minix/external/bsd/llvm/dist/clang/test/Frontend/disable-output.c
minix/external/bsd/llvm/dist/clang/test/Frontend/optimization-remark.c
minix/external/bsd/llvm/dist/clang/test/Frontend/ast-main.c
minix/external/bsd/llvm/dist/clang/test/Frontend/plugins.c
minix/external/bsd/llvm/dist/clang/test/Frontend/hexagon-target-basic.c
minix/external/bsd/llvm/dist/clang/test/Frontend/ast-codegen.c
minix/external/bsd/llvm/dist/clang/test/Frontend/output-failures.c
minix/external/bsd/llvm/dist/clang/test/Frontend/optimization-remark-line-directive.c
minix/external/bsd/llvm/dist/clang/test/Frontend/profile-sample-use-loc-tracking.c
minix/external/bsd/llvm/dist/clang/test/Lexer/gnu-flags.c
minix/external/bsd/llvm/dist/clang/test/Lexer/11-27-2007-FloatLiterals.c
minix/external/bsd/llvm/dist/clang/test/Driver/tsan.c
minix/external/bsd/llvm/dist/clang/test/Driver/debug-unsupported.c
minix/external/bsd/llvm/dist/clang/test/Driver/asan.c
minix/external/bsd/llvm/dist/clang/test/Driver/lto.c
minix/external/bsd/llvm/dist/clang/test/Driver/arch.c
minix/external/bsd/llvm/dist/clang/test/Driver/mips-features.c
minix/external/bsd/llvm/dist/clang/test/Driver/hexagon-toolchain.c
minix/external/bsd/llvm/dist/clang/test/Driver/output-file-is-dir.c
minix/external/bsd/llvm/dist/clang/test/Driver/ident_md.c
minix/external/bsd/llvm/dist/clang/test/Driver/cc1-response-files.c
minix/external/bsd/llvm/dist/clang/test/Driver/hexagon-toolchain-elf.c
minix/external/bsd/llvm/dist/clang/test/Driver/redzone.c
minix/external/bsd/llvm/dist/clang/test/Driver/systemz-march.c
minix/external/bsd/llvm/dist/clang/test/Driver/save-temps.c
minix/external/bsd/llvm/dist/clang/test/Driver/darwin-debug-flags.c
minix/external/bsd/llvm/dist/clang/test/Driver/cl-options.c
minix/external/bsd/llvm/dist/clang/test/Layout/ms-x86-empty-layout.c
minix/external/bsd/llvm/dist/clang/test/CoverageMapping/loopmacro.c
minix/external/bsd/llvm/dist/clang/test/CoverageMapping/macros.c
minix/external/bsd/llvm/dist/clang/test/CoverageMapping/switch.c
minix/external/bsd/llvm/dist/clang/test/CoverageMapping/break.c
minix/external/bsd/llvm/dist/clang/test/CoverageMapping/continue.c
minix/external/bsd/llvm/dist/clang/test/CoverageMapping/preprocessor.c
minix/external/bsd/llvm/dist/clang/test/CoverageMapping/macroparams.c
minix/external/bsd/llvm/dist/clang/test/CoverageMapping/if.c
minix/external/bsd/llvm/dist/clang/test/CoverageMapping/macroception.c
minix/external/bsd/llvm/dist/clang/test/CoverageMapping/casts.c
minix/external/bsd/llvm/dist/clang/test/CoverageMapping/test.c
minix/external/bsd/llvm/dist/clang/test/CoverageMapping/macroparams2.c
minix/external/bsd/llvm/dist/clang/test/CoverageMapping/ir.c
minix/external/bsd/llvm/dist/clang/test/CoverageMapping/builtinmacro.c
minix/external/bsd/llvm/dist/clang/test/CoverageMapping/return.c
minix/external/bsd/llvm/dist/clang/test/Sema/2010-05-31-palignr.c
minix/external/bsd/llvm/dist/clang/test/Sema/ms_bitfield_layout.c
minix/external/bsd/llvm/dist/clang/test/Sema/MicrosoftExtensions.c
minix/external/bsd/llvm/dist/clang/test/Sema/PR2923.c
minix/external/bsd/llvm/dist/clang/test/Sema/aarch64-neon-ranges.c
minix/external/bsd/llvm/dist/clang/test/Sema/enable_if.c
minix/external/bsd/llvm/dist/clang/test/Sema/block-misc.c
minix/external/bsd/llvm/dist/clang/test/Sema/arm64-neon-args.c
minix/external/bsd/llvm/dist/clang/test/Sema/attr-malloc.c
minix/external/bsd/llvm/dist/clang/test/Sema/types.c
minix/external/bsd/llvm/dist/clang/test/Sema/attr-alias-elf.c
minix/external/bsd/llvm/dist/clang/test/Sema/builtin-longjmp.c
minix/external/bsd/llvm/dist/clang/test/Parser/pragma-visibility2.c
minix/external/bsd/llvm/dist/clang/test/CodeGen/2004-02-13-BuiltinFrameReturnAddress.c
minix/external/bsd/llvm/dist/clang/test/CodeGen/2008-01-25-ZeroSizedAggregate.c
minix/external/bsd/llvm/dist/clang/test/CodeGen/2007-11-29-ArraySizeFromInitializer.c
minix/external/bsd/llvm/dist/clang/test/CodeGen/avx512vlbw-builtins.c
minix/external/bsd/llvm/dist/clang/test/CodeGen/microsoft-call-conv.c
minix/external/bsd/llvm/dist/clang/test/CodeGen/ppc64-struct-onefloat.c
minix/external/bsd/llvm/dist/clang/test/CodeGen/split-debug-filename.c
minix/external/bsd/llvm/dist/clang/test/CodeGen/Atomics.c
minix/external/bsd/llvm/dist/clang/test/CodeGen/address-space-cast.c
minix/external/bsd/llvm/dist/clang/test/CodeGen/2002-12-15-GlobalConstantTest.c
minix/external/bsd/llvm/dist/clang/test/CodeGen/2008-10-30-ZeroPlacement.c
minix/external/bsd/llvm/dist/clang/test/CodeGen/count-builtins.c
minix/external/bsd/llvm/dist/clang/test/CodeGen/2003-08-20-BadBitfieldRef.c
minix/external/bsd/llvm/dist/clang/test/CodeGen/2008-07-30-implicit-initialization.c
minix/external/bsd/llvm/dist/clang/test/CodeGen/2008-05-19-AlwaysInline.c
minix/external/bsd/llvm/dist/clang/test/CodeGen/2009-06-14-HighlyAligned.c
minix/external/bsd/llvm/dist/clang/test/CodeGen/2004-11-27-StaticFunctionRedeclare.c
minix/external/bsd/llvm/dist/clang/test/CodeGen/pr4349.c
minix/external/bsd/llvm/dist/clang/test/CodeGen/2003-08-29-BitFieldStruct.c
minix/external/bsd/llvm/dist/clang/test/CodeGen/x86_64-arguments.c
minix/external/bsd/llvm/dist/clang/test/CodeGen/kr-style-block.c
minix/external/bsd/llvm/dist/clang/test/CodeGen/static-forward-decl-fun.c
minix/external/bsd/llvm/dist/clang/test/CodeGen/2006-01-23-FileScopeAsm.c
minix/external/bsd/llvm/dist/clang/test/CodeGen/ppc64-elf-abi.c
minix/external/bsd/llvm/dist/clang/test/CodeGen/ppc64-complex-parms.c
minix/external/bsd/llvm/dist/clang/test/CodeGen/2004-03-09-LargeArrayInitializers.c
minix/external/bsd/llvm/dist/clang/test/CodeGen/PR8880.c
minix/external/bsd/llvm/dist/clang/test/CodeGen/lineno-dbginfo.c
minix/external/bsd/llvm/dist/clang/test/CodeGen/2004-02-13-Memset.c
minix/external/bsd/llvm/dist/clang/test/CodeGen/switch-dce.c
minix/external/bsd/llvm/dist/clang/test/CodeGen/alloca.c
minix/external/bsd/llvm/dist/clang/test/CodeGen/debug-info-version.c
minix/external/bsd/llvm/dist/clang/test/CodeGen/complex-convert.c
minix/external/bsd/llvm/dist/clang/test/CodeGen/debug-info-vector.c
minix/external/bsd/llvm/dist/clang/test/CodeGen/arm-atomics-m0.c
minix/external/bsd/llvm/dist/clang/test/CodeGen/2008-03-24-BitField-And-Alloca.c
minix/external/bsd/llvm/dist/clang/test/CodeGen/staticinit.c
minix/external/bsd/llvm/dist/clang/test/CodeGen/2009-02-13-zerosize-union-field-ppc.c
minix/external/bsd/llvm/dist/clang/test/CodeGen/vectorcall.c
minix/external/bsd/llvm/dist/clang/test/CodeGen/static-order.c
minix/external/bsd/llvm/dist/clang/test/CodeGen/2008-03-03-CtorAttrType.c
minix/external/bsd/llvm/dist/clang/test/CodeGen/inline-asm-mrv.c
minix/external/bsd/llvm/dist/clang/test/CodeGen/libcalls-ld.c
minix/external/bsd/llvm/dist/clang/test/CodeGen/pr13168.c
minix/external/bsd/llvm/dist/clang/test/CodeGen/2003-10-02-UnionLValueError.c
minix/external/bsd/llvm/dist/clang/test/CodeGen/attr-weakref2.c
minix/external/bsd/llvm/dist/clang/test/CodeGen/tentative-decls.c
minix/external/bsd/llvm/dist/clang/test/CodeGen/popcnt-builtins.c
minix/external/bsd/llvm/dist/clang/test/CodeGen/avx-builtins.c
minix/external/bsd/llvm/dist/clang/test/CodeGen/arm64-be-bitfield.c
minix/external/bsd/llvm/dist/clang/test/CodeGen/2010-07-08-DeclDebugLineNo.c
minix/external/bsd/llvm/dist/clang/test/CodeGen/align-param.c
minix/external/bsd/llvm/dist/clang/test/CodeGen/2004-02-13-IllegalVararg.c
minix/external/bsd/llvm/dist/clang/test/CodeGen/2002-01-23-LoadQISIReloadFailure.c
minix/external/bsd/llvm/dist/clang/test/CodeGen/2005-07-28-IncorrectWeakGlobal.c
minix/external/bsd/llvm/dist/clang/test/CodeGen/struct-x86-darwin.c
minix/external/bsd/llvm/dist/clang/test/CodeGen/const-unordered-compare.c
minix/external/bsd/llvm/dist/clang/test/CodeGen/arm64-scalar-test.c
minix/external/bsd/llvm/dist/clang/test/CodeGen/arm64-arguments.c
minix/external/bsd/llvm/dist/clang/test/CodeGen/func-in-block.c
minix/external/bsd/llvm/dist/clang/test/CodeGen/2010-03-5-LexicalScope.c
minix/external/bsd/llvm/dist/clang/test/CodeGen/2005-12-04-DeclarationLineNumbers.c
minix/external/bsd/llvm/dist/clang/test/CodeGen/2003-03-03-DeferredType.c
minix/external/bsd/llvm/dist/clang/test/CodeGen/ms_struct-bitfield-3.c
minix/external/bsd/llvm/dist/clang/test/CodeGen/2007-09-17-WeakRef.c
minix/external/bsd/llvm/dist/clang/test/CodeGen/2011-03-02-UnionInitializer.c
minix/external/bsd/llvm/dist/clang/test/CodeGen/2008-07-29-override-alias-decl.c
minix/external/bsd/llvm/dist/clang/test/CodeGen/x86_32-arguments-linux.c
minix/external/bsd/llvm/dist/clang/test/CodeGen/conditional-gnu-ext.c
minix/external/bsd/llvm/dist/clang/test/CodeGen/arm64_vcreate.c
minix/external/bsd/llvm/dist/clang/test/CodeGen/mips-inline-asm-modifiers.c
minix/external/bsd/llvm/dist/clang/test/CodeGen/builtinshufflevector2.c
minix/external/bsd/llvm/dist/clang/test/CodeGen/bmi-builtins.c
minix/external/bsd/llvm/dist/clang/test/CodeGen/2003-12-14-ExternInlineSupport.c
minix/external/bsd/llvm/dist/clang/test/CodeGen/2008-08-07-AlignPadding2.c
minix/external/bsd/llvm/dist/clang/test/CodeGen/x86_64-arguments-win32.c
minix/external/bsd/llvm/dist/clang/test/CodeGen/2007-01-24-InlineAsmCModifier.c
minix/external/bsd/llvm/dist/clang/test/CodeGen/sizeof-vla.c
minix/external/bsd/llvm/dist/clang/test/CodeGen/packed-union.c
minix/external/bsd/llvm/dist/clang/test/CodeGen/arm-neon-vcvtX.c
minix/external/bsd/llvm/dist/clang/test/CodeGen/2008-07-31-promotion-of-compound-pointer-arithmetic.c
minix/external/bsd/llvm/dist/clang/test/CodeGen/builtins.c
minix/external/bsd/llvm/dist/clang/test/CodeGen/asm-variable.c
minix/external/bsd/llvm/dist/clang/test/CodeGen/mips-varargs.c
minix/external/bsd/llvm/dist/clang/test/CodeGen/xcore-abi.c
minix/external/bsd/llvm/dist/clang/test/CodeGen/2003-11-01-C99-CompoundLiteral.c
minix/external/bsd/llvm/dist/clang/test/CodeGen/blocks.c
minix/external/bsd/llvm/dist/clang/test/CodeGen/debug-info-line.c
minix/external/bsd/llvm/dist/clang/test/CodeGen/PR2643-null-store-to-bitfield.c
minix/external/bsd/llvm/dist/clang/test/CodeGen/debug-line-1.c
minix/external/bsd/llvm/dist/clang/test/CodeGen/wchar-const.c
minix/external/bsd/llvm/dist/clang/test/CodeGen/fma4-builtins.c
minix/external/bsd/llvm/dist/clang/test/CodeGen/arm64_vshift.c
minix/external/bsd/llvm/dist/clang/test/CodeGen/arm64_vCMP.c
minix/external/bsd/llvm/dist/clang/test/CodeGen/forceinline.c
minix/external/bsd/llvm/dist/clang/test/CodeGen/PR3709-int-to-pointer-sign.c
minix/external/bsd/llvm/dist/clang/test/CodeGen/2007-04-11-InlineAsmStruct.c
minix/external/bsd/llvm/dist/clang/test/CodeGen/dwarf-version.c
minix/external/bsd/llvm/dist/clang/test/CodeGen/arm64_vadd.c
minix/external/bsd/llvm/dist/clang/test/CodeGen/fp128_complex.c
minix/external/bsd/llvm/dist/clang/test/CodeGen/2008-08-04-void-pointer-arithmetic.c
minix/external/bsd/llvm/dist/clang/test/CodeGen/typedef-func.c
minix/external/bsd/llvm/dist/clang/test/CodeGen/x86_32-fpcc-struct-return.c
minix/external/bsd/llvm/dist/clang/test/CodeGen/arm64-abi-vector.c
minix/external/bsd/llvm/dist/clang/test/CodeGen/big-atomic-ops.c
minix/external/bsd/llvm/dist/clang/test/CodeGen/2006-10-30-ArrayCrash.c
minix/external/bsd/llvm/dist/clang/test/CodeGen/mangle-windows.c
minix/external/bsd/llvm/dist/clang/test/CodeGen/2002-04-09-StructRetVal.c
minix/external/bsd/llvm/dist/clang/test/CodeGen/2007-02-04-EmptyStruct.c
minix/external/bsd/llvm/dist/clang/test/CodeGen/arm-neon-shifts.c
minix/external/bsd/llvm/dist/clang/test/CodeGen/BasicInstrs.c
minix/external/bsd/llvm/dist/clang/test/CodeGen/malign-double-x86-nacl.c
minix/external/bsd/llvm/dist/clang/test/CodeGen/PR2413-void-address-cast-error.c
minix/external/bsd/llvm/dist/clang/test/CodeGen/builtins-ppc.c
minix/external/bsd/llvm/dist/clang/test/CodeGen/ppc64-vector.c
minix/external/bsd/llvm/dist/clang/test/CodeGen/2002-09-08-PointerShifts.c
minix/external/bsd/llvm/dist/clang/test/CodeGen/2002-02-16-RenamingTest.c
minix/external/bsd/llvm/dist/clang/test/CodeGen/2008-05-06-CFECrash.c
minix/external/bsd/llvm/dist/clang/test/CodeGen/regparm-flag.c
minix/external/bsd/llvm/dist/clang/test/CodeGen/builtins-arm-microsoft.c
minix/external/bsd/llvm/dist/clang/test/CodeGen/pragma-pack-2.c
minix/external/bsd/llvm/dist/clang/test/CodeGen/align-global-large.c
minix/external/bsd/llvm/dist/clang/test/CodeGen/2003-09-30-StructLayout.c
minix/external/bsd/llvm/dist/clang/test/CodeGen/dostmt.c
minix/external/bsd/llvm/dist/clang/test/CodeGen/cfstring.c
minix/external/bsd/llvm/dist/clang/test/CodeGen/2010-01-18-Inlined-Debug.c
minix/external/bsd/llvm/dist/clang/test/CodeGen/attr-weakref.c
minix/external/bsd/llvm/dist/clang/test/CodeGen/functions.c
minix/external/bsd/llvm/dist/clang/test/CodeGen/vlt_to_pointer.c
minix/external/bsd/llvm/dist/clang/test/CodeGen/attr-naked.c
minix/external/bsd/llvm/dist/clang/test/CodeGen/arm-vector-align.c
minix/external/bsd/llvm/dist/clang/test/CodeGen/mandel.c
minix/external/bsd/llvm/dist/clang/test/CodeGen/2004-02-14-ZeroInitializer.c
minix/external/bsd/llvm/dist/clang/test/CodeGen/const-arithmetic.c
minix/external/bsd/llvm/dist/clang/test/CodeGen/varargs.c
minix/external/bsd/llvm/dist/clang/test/CodeGen/arm64_vsri.c
minix/external/bsd/llvm/dist/clang/test/CodeGen/ppc64-extend.c
minix/external/bsd/llvm/dist/clang/test/CodeGen/ext-vector-indexing.c
minix/external/bsd/llvm/dist/clang/test/CodeGen/arm-clear.c
minix/external/bsd/llvm/dist/clang/test/CodeGen/2007-08-22-CTTZ.c
minix/external/bsd/llvm/dist/clang/test/CodeGen/builtins-arm64.c
minix/external/bsd/llvm/dist/clang/test/CodeGen/x86_32-arguments-win32.c
minix/external/bsd/llvm/dist/clang/test/CodeGen/2003-06-23-GCC-fold-infinite-recursion.c
minix/external/bsd/llvm/dist/clang/test/CodeGen/redef-ext-inline.c
minix/external/bsd/llvm/dist/clang/test/CodeGen/extern-weak.c
minix/external/bsd/llvm/dist/clang/test/CodeGen/exprs.c
minix/external/bsd/llvm/dist/clang/test/CodeGen/arm64_vcvtfp.c
minix/external/bsd/llvm/dist/clang/test/CodeGen/2008-11-02-WeakAlias.c
minix/external/bsd/llvm/dist/clang/test/CodeGen/2006-03-16-VectorCtor.c
minix/external/bsd/llvm/dist/clang/test/CodeGen/block-copy.c
minix/external/bsd/llvm/dist/clang/test/CodeGen/2007-02-07-AddrLabel.c
minix/external/bsd/llvm/dist/clang/test/CodeGen/unwind-attr.c
minix/external/bsd/llvm/dist/clang/test/CodeGen/2007-05-15-PaddingElement.c
minix/external/bsd/llvm/dist/clang/test/CodeGen/lifetime.c
minix/external/bsd/llvm/dist/clang/test/CodeGen/branch-target-layout.c
minix/external/bsd/llvm/dist/clang/test/CodeGen/_Bool-conversion.c
minix/external/bsd/llvm/dist/clang/test/CodeGen/builtin-rename.c
minix/external/bsd/llvm/dist/clang/test/CodeGen/may-alias.c
minix/external/bsd/llvm/dist/clang/test/CodeGen/builtinshufflevector.c
minix/external/bsd/llvm/dist/clang/test/CodeGen/2007-05-16-EmptyStruct.c
minix/external/bsd/llvm/dist/clang/test/CodeGen/aarch64-neon-2velem.c
minix/external/bsd/llvm/dist/clang/test/CodeGen/arm64_vLdStNum_lane.c
minix/external/bsd/llvm/dist/clang/test/CodeGen/variadic-null-win64.c
minix/external/bsd/llvm/dist/clang/test/CodeGen/static-local-union.c
minix/external/bsd/llvm/dist/clang/test/CodeGen/2002-02-13-TypeVarNameCollision.c
minix/external/bsd/llvm/dist/clang/test/CodeGen/byval-memcpy-elim.c
minix/external/bsd/llvm/dist/clang/test/CodeGen/2006-03-17-KnRMismatch.c
minix/external/bsd/llvm/dist/clang/test/CodeGen/fp16-ops.c
minix/external/bsd/llvm/dist/clang/test/CodeGen/arm-neon-numeric-maxmin.c
minix/external/bsd/llvm/dist/clang/test/CodeGen/blocks-1.c
minix/external/bsd/llvm/dist/clang/test/CodeGen/asm-label.c
minix/external/bsd/llvm/dist/clang/test/CodeGen/ms-intrinsics.c
minix/external/bsd/llvm/dist/clang/test/CodeGen/aarch64-neon-misc.c
minix/external/bsd/llvm/dist/clang/test/CodeGen/array.c
minix/external/bsd/llvm/dist/clang/test/CodeGen/block-3.c
minix/external/bsd/llvm/dist/clang/test/CodeGen/2009-05-04-EnumInreg.c
minix/external/bsd/llvm/dist/clang/test/CodeGen/x86_64-arguments-nacl.c
minix/external/bsd/llvm/dist/clang/test/CodeGen/address-space-field1.c
minix/external/bsd/llvm/dist/clang/test/CodeGen/2007-09-14-NegatePointer.c
minix/external/bsd/llvm/dist/clang/test/CodeGen/2002-09-19-StarInLabel.c
minix/external/bsd/llvm/dist/clang/test/CodeGen/blockwithlocalstatic.c
minix/external/bsd/llvm/dist/clang/test/CodeGen/convertvector.c
minix/external/bsd/llvm/dist/clang/test/CodeGen/arm64-lanes.c
minix/external/bsd/llvm/dist/clang/test/CodeGen/ms_struct-pack.c
minix/external/bsd/llvm/dist/clang/test/CodeGen/2008-01-28-UnionSize.c
minix/external/bsd/llvm/dist/clang/test/CodeGen/2004-02-20-Builtins.c
minix/external/bsd/llvm/dist/clang/test/CodeGen/windows-struct-abi.c
minix/external/bsd/llvm/dist/clang/test/CodeGen/merge-attrs.c
minix/external/bsd/llvm/dist/clang/test/CodeGen/arm-abi-vector.c
minix/external/bsd/llvm/dist/clang/test/CodeGen/2010-12-01-CommonGlobal.c
minix/external/bsd/llvm/dist/clang/test/CodeGen/opaque-pointer.c
minix/external/bsd/llvm/dist/clang/test/CodeGen/2003-11-18-CondExprLValue.c
minix/external/bsd/llvm/dist/clang/test/CodeGen/2002-02-13-UnnamedLocal.c
minix/external/bsd/llvm/dist/clang/test/CodeGen/cast.c
minix/external/bsd/llvm/dist/clang/test/CodeGen/ppc64-complex-return.c
minix/external/bsd/llvm/dist/clang/test/CodeGen/bitfield-2.c
minix/external/bsd/llvm/dist/clang/test/CodeGen/2003-11-20-Bitfields.c
minix/external/bsd/llvm/dist/clang/test/CodeGen/2002-07-31-BadAssert.c
minix/external/bsd/llvm/dist/clang/test/CodeGen/2003-10-29-AsmRename.c
minix/external/bsd/llvm/dist/clang/test/CodeGen/vla-2.c
minix/external/bsd/llvm/dist/clang/test/CodeGen/altivec.c
minix/external/bsd/llvm/dist/clang/test/CodeGen/2007-02-04-AddrLValue.c
minix/external/bsd/llvm/dist/clang/test/CodeGen/2007-05-07-PaddingElements.c
minix/external/bsd/llvm/dist/clang/test/CodeGen/2002-06-25-FWriteInterfaceFailure.c
minix/external/bsd/llvm/dist/clang/test/CodeGen/PR5060-align.c
minix/external/bsd/llvm/dist/clang/test/CodeGen/globalinit.c
minix/external/bsd/llvm/dist/clang/test/CodeGen/2003-11-03-AddrArrayElement.c
minix/external/bsd/llvm/dist/clang/test/CodeGen/2007-04-24-str-const.c
minix/external/bsd/llvm/dist/clang/test/CodeGen/2002-02-17-ArgumentAddress.c
minix/external/bsd/llvm/dist/clang/test/CodeGen/2006-09-18-fwrite-cast-crash.c
minix/external/bsd/llvm/dist/clang/test/CodeGen/2003-08-18-SigSetJmp.c
minix/external/bsd/llvm/dist/clang/test/CodeGen/ppc64-struct-onevect.c
minix/external/bsd/llvm/dist/clang/test/CodeGen/debug-info-member.c
minix/external/bsd/llvm/dist/clang/test/CodeGen/2008-01-04-WideBitfield.c
minix/external/bsd/llvm/dist/clang/test/CodeGen/volatile.c
minix/external/bsd/llvm/dist/clang/test/CodeGen/arm64_vdup.c
minix/external/bsd/llvm/dist/clang/test/CodeGen/2004-06-08-OpaqueStructArg.c
minix/external/bsd/llvm/dist/clang/test/CodeGen/2004-03-15-SimpleIndirectGoto.c
minix/external/bsd/llvm/dist/clang/test/CodeGen/mips-vector-return.c
minix/external/bsd/llvm/dist/clang/test/CodeGen/ext-vector.c
minix/external/bsd/llvm/dist/clang/test/CodeGen/2010-08-12-asm-aggr-arg.c
minix/external/bsd/llvm/dist/clang/test/CodeGen/arm64-crc32.c
minix/external/bsd/llvm/dist/clang/test/CodeGen/whilestmt.c
minix/external/bsd/llvm/dist/clang/test/CodeGen/captured-statements-nested.c
minix/external/bsd/llvm/dist/clang/test/CodeGen/extern-block-var.c
minix/external/bsd/llvm/dist/clang/test/CodeGen/arm-atomics.c
minix/external/bsd/llvm/dist/clang/test/CodeGen/2008-11-08-InstCombineSelect.c
minix/external/bsd/llvm/dist/clang/test/CodeGen/visibility.c
minix/external/bsd/llvm/dist/clang/test/CodeGen/2007-12-16-AsmNoUnwind.c
minix/external/bsd/llvm/dist/clang/test/CodeGen/boolassign.c
minix/external/bsd/llvm/dist/clang/test/CodeGen/2004-06-17-UnorderedBuiltins.c
minix/external/bsd/llvm/dist/clang/test/CodeGen/enum2.c
minix/external/bsd/llvm/dist/clang/test/CodeGen/2007-04-05-UnPackedStruct.c
minix/external/bsd/llvm/dist/clang/test/CodeGen/x86_32-arguments-nommx.c
minix/external/bsd/llvm/dist/clang/test/CodeGen/clear_cache.c
minix/external/bsd/llvm/dist/clang/test/CodeGen/mms-bitfields.c
minix/external/bsd/llvm/dist/clang/test/CodeGen/builtins-ppc-vsx.c
minix/external/bsd/llvm/dist/clang/test/CodeGen/2004-03-07-ExternalConstant.c
minix/external/bsd/llvm/dist/clang/test/CodeGen/2005-01-02-PointerDifference.c
minix/external/bsd/llvm/dist/clang/test/CodeGen/sret2.c
minix/external/bsd/llvm/dist/clang/test/CodeGen/2002-08-02-UnionTest.c
minix/external/bsd/llvm/dist/clang/test/CodeGen/mips-count-builtins.c
minix/external/bsd/llvm/dist/clang/test/CodeGen/align-local.c
minix/external/bsd/llvm/dist/clang/test/CodeGen/init.c
minix/external/bsd/llvm/dist/clang/test/CodeGen/mangle-windows-rtd.c
minix/external/bsd/llvm/dist/clang/test/CodeGen/2002-04-08-LocalArray.c
minix/external/bsd/llvm/dist/clang/test/CodeGen/switch.c
minix/external/bsd/llvm/dist/clang/test/CodeGen/aarch64-neon-shifts.c
minix/external/bsd/llvm/dist/clang/test/CodeGen/vector.c
minix/external/bsd/llvm/dist/clang/test/CodeGen/aarch64-neon-fma.c
minix/external/bsd/llvm/dist/clang/test/CodeGen/debug-info.c
minix/external/bsd/llvm/dist/clang/test/CodeGen/mips64-f128-literal.c
minix/external/bsd/llvm/dist/clang/test/CodeGen/compound.c
minix/external/bsd/llvm/dist/clang/test/CodeGen/rdrand-builtins.c
minix/external/bsd/llvm/dist/clang/test/CodeGen/2008-01-24-StructAlignAndBitFields.c
minix/external/bsd/llvm/dist/clang/test/CodeGen/2004-08-06-LargeStructTest.c
minix/external/bsd/llvm/dist/clang/test/CodeGen/debug-info-static.c
minix/external/bsd/llvm/dist/clang/test/CodeGen/atomics-inlining.c
minix/external/bsd/llvm/dist/clang/test/CodeGen/weak-incomplete.c
minix/external/bsd/llvm/dist/clang/test/CodeGen/2003-10-06-NegateExprType.c
minix/external/bsd/llvm/dist/clang/test/CodeGen/2009-01-21-InvalidIterator.c
minix/external/bsd/llvm/dist/clang/test/CodeGen/avx512f-builtins.c
minix/external/bsd/llvm/dist/clang/test/CodeGen/2005-05-10-GlobalUnionInit.c
minix/external/bsd/llvm/dist/clang/test/CodeGen/2003-09-18-BitfieldTests.c
minix/external/bsd/llvm/dist/clang/test/CodeGen/arm64_vfma.c
minix/external/bsd/llvm/dist/clang/test/CodeGen/2006-01-13-StackSave.c
minix/external/bsd/llvm/dist/clang/test/CodeGen/debug-info-line2.c
minix/external/bsd/llvm/dist/clang/test/CodeGen/bool_test.c
minix/external/bsd/llvm/dist/clang/test/CodeGen/rtm-builtins.c
minix/external/bsd/llvm/dist/clang/test/CodeGen/long-double-x86.c
minix/external/bsd/llvm/dist/clang/test/CodeGen/attr-nodebug.c
minix/external/bsd/llvm/dist/clang/test/CodeGen/aarch64-neon-scalar-x-indexed-elem.c
minix/external/bsd/llvm/dist/clang/test/CodeGen/intel_ocl_bicc.c
minix/external/bsd/llvm/dist/clang/test/CodeGen/hidden-alias-to-internal-function.c
minix/external/bsd/llvm/dist/clang/test/CodeGen/2008-08-19-cast-of-typedef.c
minix/external/bsd/llvm/dist/clang/test/CodeGen/2009-07-14-VoidPtr.c
minix/external/bsd/llvm/dist/clang/test/CodeGen/2003-08-21-StmtExpr.c
minix/external/bsd/llvm/dist/clang/test/CodeGen/xop-builtins.c
minix/external/bsd/llvm/dist/clang/test/CodeGen/2008-05-12-TempUsedBeforeDef.c
minix/external/bsd/llvm/dist/clang/test/CodeGen/variadic-gpfp-x86.c
minix/external/bsd/llvm/dist/clang/test/CodeGen/transparent-union.c
minix/external/bsd/llvm/dist/clang/test/CodeGen/func-return-member.c
minix/external/bsd/llvm/dist/clang/test/CodeGen/2002-07-30-UnionTest.c
minix/external/bsd/llvm/dist/clang/test/CodeGen/arm-asm-variable.c
minix/external/bsd/llvm/dist/clang/test/CodeGen/2003-08-29-HugeCharConst.c
minix/external/bsd/llvm/dist/clang/test/CodeGen/builtins-mips-msa.c
minix/external/bsd/llvm/dist/clang/test/CodeGen/hidden-visibility.c
minix/external/bsd/llvm/dist/clang/test/CodeGen/shared-string-literals.c
minix/external/bsd/llvm/dist/clang/test/CodeGen/offsetof.c
minix/external/bsd/llvm/dist/clang/test/CodeGen/align-x68_64.c
minix/external/bsd/llvm/dist/clang/test/CodeGen/mult-alt-x86.c
minix/external/bsd/llvm/dist/clang/test/CodeGen/2010-05-26-AsmSideEffect.c
minix/external/bsd/llvm/dist/clang/test/CodeGen/2008-07-17-no-emit-on-error.c
minix/external/bsd/llvm/dist/clang/test/CodeGen/annotations-global.c
minix/external/bsd/llvm/dist/clang/test/CodeGen/2007-01-06-KNR-Proto.c
minix/external/bsd/llvm/dist/clang/test/CodeGen/ppc64le-aggregates.c
minix/external/bsd/llvm/dist/clang/test/CodeGen/2003-06-22-UnionCrash.c
minix/external/bsd/llvm/dist/clang/test/CodeGen/debug-info-args.c
minix/external/bsd/llvm/dist/clang/test/CodeGen/const-init.c
minix/external/bsd/llvm/dist/clang/test/CodeGen/2004-03-07-ComplexDivEquals.c
minix/external/bsd/llvm/dist/clang/test/CodeGen/utf16-cfstrings.c
minix/external/bsd/llvm/dist/clang/test/CodeGen/builtin-assume-aligned.c
minix/external/bsd/llvm/dist/clang/test/CodeGen/arm-byval-align.c
minix/external/bsd/llvm/dist/clang/test/CodeGen/2008-01-21-PackedStructField.c
minix/external/bsd/llvm/dist/clang/test/CodeGen/unaligned-memcpy.c
minix/external/bsd/llvm/dist/clang/test/CodeGen/2008-07-21-mixed-var-fn-decl.c
minix/external/bsd/llvm/dist/clang/test/CodeGen/capture-complex-expr-in-block.c
minix/external/bsd/llvm/dist/clang/test/CodeGen/blocksignature.c
minix/external/bsd/llvm/dist/clang/test/CodeGen/exact-div-expr.c
minix/external/bsd/llvm/dist/clang/test/CodeGen/private-extern-redef.c
minix/external/bsd/llvm/dist/clang/test/CodeGen/avx512bw-builtins.c
minix/external/bsd/llvm/dist/clang/test/CodeGen/complex-init-list.c
minix/external/bsd/llvm/dist/clang/test/CodeGen/windows-itanium.c
minix/external/bsd/llvm/dist/clang/test/CodeGen/2003-08-30-LargeIntegerBitfieldMember.c
minix/external/bsd/llvm/dist/clang/test/CodeGen/annotations-loc.c
minix/external/bsd/llvm/dist/clang/test/CodeGen/2008-08-07-AlignPadding1.c
minix/external/bsd/llvm/dist/clang/test/CodeGen/avx-cmp-builtins.c
minix/external/bsd/llvm/dist/clang/test/CodeGen/string-literal.c
minix/external/bsd/llvm/dist/clang/test/CodeGen/2010-02-18-Dbg-VectorType.c
minix/external/bsd/llvm/dist/clang/test/CodeGen/arm64_vecCmpBr.c
minix/external/bsd/llvm/dist/clang/test/CodeGen/writable-strings.c
minix/external/bsd/llvm/dist/clang/test/CodeGen/linux-arm-atomic.c
minix/external/bsd/llvm/dist/clang/test/CodeGen/libcalls.c
minix/external/bsd/llvm/dist/clang/test/CodeGen/2003-07-22-ArrayAccessTypeSafety.c
minix/external/bsd/llvm/dist/clang/test/CodeGen/2004-01-01-UnknownInitSize.c
minix/external/bsd/llvm/dist/clang/test/CodeGen/asm-reg-var-local.c
minix/external/bsd/llvm/dist/clang/test/CodeGen/bitfield-promote.c
minix/external/bsd/llvm/dist/clang/test/CodeGen/compound-assign-overflow.c
minix/external/bsd/llvm/dist/clang/test/CodeGen/arm64-vrsqrt.c
minix/external/bsd/llvm/dist/clang/test/CodeGen/bmi2-builtins.c
minix/external/bsd/llvm/dist/clang/test/CodeGen/string-literal-short-wstring.c
minix/external/bsd/llvm/dist/clang/test/CodeGen/dllexport.c
minix/external/bsd/llvm/dist/clang/test/CodeGen/avx2-builtins.c
minix/external/bsd/llvm/dist/clang/test/CodeGen/split-stacks.c
minix/external/bsd/llvm/dist/clang/test/CodeGen/2002-12-15-GlobalRedefinition.c
minix/external/bsd/llvm/dist/clang/test/CodeGen/2009-07-15-pad-wchar_t-array.c
minix/external/bsd/llvm/dist/clang/test/CodeGen/conditional.c
minix/external/bsd/llvm/dist/clang/test/CodeGen/atomic.c
minix/external/bsd/llvm/dist/clang/test/CodeGen/2010-02-15-DbgStaticVar.c
minix/external/bsd/llvm/dist/clang/test/CodeGen/ppc64-inline-asm.c
minix/external/bsd/llvm/dist/clang/test/CodeGen/fast-math.c
minix/external/bsd/llvm/dist/clang/test/CodeGen/2007-04-05-PackedBitFields-2.c
minix/external/bsd/llvm/dist/clang/test/CodeGen/2007-11-07-AlignedMemcpy.c
minix/external/bsd/llvm/dist/clang/test/CodeGen/2004-06-18-VariableLengthArrayOfStructures.c
minix/external/bsd/llvm/dist/clang/test/CodeGen/unreachable.c
minix/external/bsd/llvm/dist/clang/test/CodeGen/vfprintf.c
minix/external/bsd/llvm/dist/clang/test/CodeGen/builtin-nanf.c
minix/external/bsd/llvm/dist/clang/test/CodeGen/indirect-goto.c
minix/external/bsd/llvm/dist/clang/test/CodeGen/2006-09-11-BitfieldRefCrash.c
minix/external/bsd/llvm/dist/clang/test/CodeGen/arm-neon-fma.c
minix/external/bsd/llvm/dist/clang/test/CodeGen/predefined-expr.c
minix/external/bsd/llvm/dist/clang/test/CodeGen/builtins-nvptx.c
minix/external/bsd/llvm/dist/clang/test/CodeGen/2002-02-13-ConditionalInCall.c
minix/external/bsd/llvm/dist/clang/test/CodeGen/2004-06-17-UnorderedCompares.c
minix/external/bsd/llvm/dist/clang/test/CodeGen/aarch64-inline-asm.c
minix/external/bsd/llvm/dist/clang/test/CodeGen/address-space-compound-literal.c
minix/external/bsd/llvm/dist/clang/test/CodeGen/complex.c
minix/external/bsd/llvm/dist/clang/test/CodeGen/2005-01-02-ConstantInits.c
minix/external/bsd/llvm/dist/clang/test/CodeGen/pragma-pack-1.c
minix/external/bsd/llvm/dist/clang/test/CodeGen/attr-noinline.c
minix/external/bsd/llvm/dist/clang/test/CodeGen/2005-02-27-MarkGlobalConstant.c
minix/external/bsd/llvm/dist/clang/test/CodeGen/ppc64le-varargs-complex.c
minix/external/bsd/llvm/dist/clang/test/CodeGen/always_inline.c
minix/external/bsd/llvm/dist/clang/test/CodeGen/union-init2.c
minix/external/bsd/llvm/dist/clang/test/CodeGen/2005-03-05-OffsetOfHack.c
minix/external/bsd/llvm/dist/clang/test/CodeGen/2006-09-25-DebugFilename.c
minix/external/bsd/llvm/dist/clang/test/CodeGen/typedef.c
minix/external/bsd/llvm/dist/clang/test/CodeGen/arm-neon-vget.c
minix/external/bsd/llvm/dist/clang/test/CodeGen/mips-type-sizes-int128.c
minix/external/bsd/llvm/dist/clang/test/CodeGen/bitfield-init.c
minix/external/bsd/llvm/dist/clang/test/CodeGen/2003-08-21-BinOp-Type-Mismatch.c
minix/external/bsd/llvm/dist/clang/test/CodeGen/2010-02-16-DbgScopes.c
minix/external/bsd/llvm/dist/clang/test/CodeGen/pr9614.c
minix/external/bsd/llvm/dist/clang/test/CodeGen/2007-11-07-ZeroAggregateAlign.c
minix/external/bsd/llvm/dist/clang/test/CodeGen/implicit-arg.c
minix/external/bsd/llvm/dist/clang/test/CodeGen/2003-11-20-ComplexDivision.c
minix/external/bsd/llvm/dist/clang/test/CodeGen/union.c
minix/external/bsd/llvm/dist/clang/test/CodeGen/complex-indirect.c
minix/external/bsd/llvm/dist/clang/test/CodeGen/2006-03-03-MissingInitializer.c
minix/external/bsd/llvm/dist/clang/test/CodeGen/2007-02-04-AddrLValue-2.c
minix/external/bsd/llvm/dist/clang/test/CodeGen/pragma-weak.c
minix/external/bsd/llvm/dist/clang/test/CodeGen/ppc64-align-struct.c
minix/external/bsd/llvm/dist/clang/test/CodeGen/2007-07-29-RestrictPtrArg.c
minix/external/bsd/llvm/dist/clang/test/CodeGen/2008-07-30-redef-of-bitcasted-decl.c
minix/external/bsd/llvm/dist/clang/test/CodeGen/2002-07-30-SubregSetAssertion.c
minix/external/bsd/llvm/dist/clang/test/CodeGen/2011-02-21-DATA-common.c
minix/external/bsd/llvm/dist/clang/test/CodeGen/arm-aapcs-vfp.c
minix/external/bsd/llvm/dist/clang/test/CodeGen/union-init.c
minix/external/bsd/llvm/dist/clang/test/CodeGen/2002-07-17-StringConstant.c
minix/external/bsd/llvm/dist/clang/test/CodeGen/2007-01-20-VectorICE.c
minix/external/bsd/llvm/dist/clang/test/CodeGen/nvptx-cpus.c
minix/external/bsd/llvm/dist/clang/test/CodeGen/PR3613-static-decl.c
minix/external/bsd/llvm/dist/clang/test/CodeGen/disable-tail-calls.c
minix/external/bsd/llvm/dist/clang/test/CodeGen/x86-atomic-long_double.c
minix/external/bsd/llvm/dist/clang/test/CodeGen/2010-07-14-overconservative-align.c
minix/external/bsd/llvm/dist/clang/test/CodeGen/bitfield.c
minix/external/bsd/llvm/dist/clang/test/CodeGen/sse4a-builtins.c
minix/external/bsd/llvm/dist/clang/test/CodeGen/overloadable.c
minix/external/bsd/llvm/dist/clang/test/CodeGen/builtin-count-zeros.c
minix/external/bsd/llvm/dist/clang/test/CodeGen/2003-11-13-TypeSafety.c
minix/external/bsd/llvm/dist/clang/test/CodeGen/2009-03-22-increment-bitfield.c
minix/external/bsd/llvm/dist/clang/test/CodeGen/2003-11-01-EmptyStructCrash.c
minix/external/bsd/llvm/dist/clang/test/CodeGen/2003-11-16-StaticArrayInit.c
minix/external/bsd/llvm/dist/clang/test/CodeGen/builtins-ms.c
minix/external/bsd/llvm/dist/clang/test/CodeGen/2006-01-13-Includes.c
minix/external/bsd/llvm/dist/clang/test/CodeGen/2007-09-12-PragmaPack.c
minix/external/bsd/llvm/dist/clang/test/CodeGen/bool-convert.c
minix/external/bsd/llvm/dist/clang/test/CodeGen/aarch64-neon-across.c
minix/external/bsd/llvm/dist/clang/test/CodeGen/branch-on-bool.c
minix/external/bsd/llvm/dist/clang/test/CodeGen/aarch64-type-sizes.c
minix/external/bsd/llvm/dist/clang/test/CodeGen/arm-pcs.c
minix/external/bsd/llvm/dist/clang/test/CodeGen/arm64_vcopy.c
minix/external/bsd/llvm/dist/clang/test/CodeGen/2007-06-18-SextAttrAggregate.c
minix/external/bsd/llvm/dist/clang/test/CodeGen/arm-asm.c
minix/external/bsd/llvm/dist/clang/test/CodeGen/2009-03-08-ZeroEltStructCrash.c
minix/external/bsd/llvm/dist/clang/test/CodeGen/mcount.c
minix/external/bsd/llvm/dist/clang/test/CodeGen/tbm-builtins.c
minix/external/bsd/llvm/dist/clang/test/CodeGen/2005-01-02-VAArgError-ICE.c
minix/external/bsd/llvm/dist/clang/test/CodeGen/ms_struct-bitfield.c
minix/external/bsd/llvm/dist/clang/test/CodeGen/nonnull.c
minix/external/bsd/llvm/dist/clang/test/CodeGen/2002-07-14-MiscTests2.c
minix/external/bsd/llvm/dist/clang/test/CodeGen/bool-init.c
minix/external/bsd/llvm/dist/clang/test/CodeGen/inline2.c
minix/external/bsd/llvm/dist/clang/test/CodeGen/arm64_vMaxMin.c
minix/external/bsd/llvm/dist/clang/test/CodeGen/block-byref-aggr.c
minix/external/bsd/llvm/dist/clang/test/CodeGen/2008-01-21-PackedBitFields.c
minix/external/bsd/llvm/dist/clang/test/CodeGen/2005-02-20-AggregateSAVEEXPR.c
minix/external/bsd/llvm/dist/clang/test/CodeGen/2004-05-21-IncompleteEnum.c
minix/external/bsd/llvm/dist/clang/test/CodeGen/mips-transparent-union.c
minix/external/bsd/llvm/dist/clang/test/CodeGen/arm64-be-hfa-vararg.c
minix/external/bsd/llvm/dist/clang/test/CodeGen/flexible-array-init.c
minix/external/bsd/llvm/dist/clang/test/CodeGen/2002-12-15-StructParameters.c
minix/external/bsd/llvm/dist/clang/test/CodeGen/2007-06-05-NoInlineAttribute.c
minix/external/bsd/llvm/dist/clang/test/CodeGen/2009-07-22-StructLayout.c
minix/external/bsd/llvm/dist/clang/test/CodeGen/2004-01-08-ExternInlineRedefine.c
minix/external/bsd/llvm/dist/clang/test/CodeGen/ms-declspecs.c
minix/external/bsd/llvm/dist/clang/test/CodeGen/builtins-mips.c
minix/external/bsd/llvm/dist/clang/test/CodeGen/mips16-attr.c
minix/external/bsd/llvm/dist/clang/test/CodeGen/2008-03-26-PackedBitFields.c
minix/external/bsd/llvm/dist/clang/test/CodeGen/pragma-visibility.c
minix/external/bsd/llvm/dist/clang/test/CodeGen/mmx-inline-asm.c
minix/external/bsd/llvm/dist/clang/test/CodeGen/parameter-passing.c
minix/external/bsd/llvm/dist/clang/test/CodeGen/blockstret.c
minix/external/bsd/llvm/dist/clang/test/CodeGen/catch-undef-behavior.c
minix/external/bsd/llvm/dist/clang/test/CodeGen/pointer-to-int.c
minix/external/bsd/llvm/dist/clang/test/CodeGen/PR3130-cond-constant.c
minix/external/bsd/llvm/dist/clang/test/CodeGen/arm64_vneg.c
minix/external/bsd/llvm/dist/clang/test/CodeGen/2009-05-22-callingconv.c
minix/external/bsd/llvm/dist/clang/test/CodeGen/dllimport.c
minix/external/bsd/llvm/dist/clang/test/CodeGen/mozilla-ms-inline-asm.c
minix/external/bsd/llvm/dist/clang/test/CodeGen/libcall-declarations.c
minix/external/bsd/llvm/dist/clang/test/CodeGen/2002-10-12-TooManyArguments.c
minix/external/bsd/llvm/dist/clang/test/CodeGen/2007-10-15-VoidPtr.c
minix/external/bsd/llvm/dist/clang/test/CodeGen/ms-inline-asm-64.c
minix/external/bsd/llvm/dist/clang/test/CodeGen/2002-02-18-StaticData.c
minix/external/bsd/llvm/dist/clang/test/CodeGen/statements.c
minix/external/bsd/llvm/dist/clang/test/CodeGen/link-bitcode-file.c
minix/external/bsd/llvm/dist/clang/test/CodeGen/vld_dup.c
minix/external/bsd/llvm/dist/clang/test/CodeGen/object-size.c
minix/external/bsd/llvm/dist/clang/test/CodeGen/piclevels.c
minix/external/bsd/llvm/dist/clang/test/CodeGen/flatten.c
minix/external/bsd/llvm/dist/clang/test/CodeGen/constructor-attribute.c
minix/external/bsd/llvm/dist/clang/test/CodeGen/volatile-complex.c
minix/external/bsd/llvm/dist/clang/test/CodeGen/avx-shuffle-builtins.c
minix/external/bsd/llvm/dist/clang/test/CodeGen/2005-07-26-UnionInitCrash.c
minix/external/bsd/llvm/dist/clang/test/CodeGen/captured-statements.c
minix/external/bsd/llvm/dist/clang/test/CodeGen/vla.c
minix/external/bsd/llvm/dist/clang/test/CodeGen/2002-04-07-SwitchStmt.c
minix/external/bsd/llvm/dist/clang/test/CodeGen/debug-info-line3.c
minix/external/bsd/llvm/dist/clang/test/CodeGen/2003-11-27-UnionCtorInitialization.c
minix/external/bsd/llvm/dist/clang/test/CodeGen/arm-asm-warn.c
minix/external/bsd/llvm/dist/clang/test/CodeGen/mrtd.c
minix/external/bsd/llvm/dist/clang/test/CodeGen/imaginary.c
minix/external/bsd/llvm/dist/clang/test/CodeGen/arm64_vdupq_n_f64.c
minix/external/bsd/llvm/dist/clang/test/CodeGen/bitfield-assign.c
minix/external/bsd/llvm/dist/clang/test/CodeGen/2009-03-01-MallocNoAlias.c
minix/external/bsd/llvm/dist/clang/test/CodeGen/func-aligned.c
minix/external/bsd/llvm/dist/clang/test/CodeGen/asm_arm.c
minix/external/bsd/llvm/dist/clang/test/CodeGen/darwin-string-literals.c
minix/external/bsd/llvm/dist/clang/test/CodeGen/2003-11-04-OutOfMemory.c
minix/external/bsd/llvm/dist/clang/test/CodeGen/debug-info-scope-file.c
minix/external/bsd/llvm/dist/clang/test/CodeGen/arm-vector-arguments.c
minix/external/bsd/llvm/dist/clang/test/CodeGen/pr12251.c
minix/external/bsd/llvm/dist/clang/test/CodeGen/complex-builtints.c
minix/external/bsd/llvm/dist/clang/test/CodeGen/annotations-field.c
minix/external/bsd/llvm/dist/clang/test/CodeGen/mult-alt-generic.c
minix/external/bsd/llvm/dist/clang/test/CodeGen/2010-03-09-DbgInfo.c
minix/external/bsd/llvm/dist/clang/test/CodeGen/assign.c
minix/external/bsd/llvm/dist/clang/test/CodeGen/arm-pnaclcall.c
minix/external/bsd/llvm/dist/clang/test/CodeGen/2007-10-30-Volatile.c
minix/external/bsd/llvm/dist/clang/test/CodeGen/2002-02-18-64bitConstant.c
minix/external/bsd/llvm/dist/clang/test/CodeGen/2007-03-26-BitfieldAfterZeroWidth.c
minix/external/bsd/llvm/dist/clang/test/CodeGen/2008-12-23-AsmIntPointerTie.c
minix/external/bsd/llvm/dist/clang/test/CodeGen/exceptions-seh.c
minix/external/bsd/llvm/dist/clang/test/CodeGen/builtins-multiprecision.c
minix/external/bsd/llvm/dist/clang/test/CodeGen/attr-weak-import.c
minix/external/bsd/llvm/dist/clang/test/CodeGen/le32-arguments.c
minix/external/bsd/llvm/dist/clang/test/CodeGen/annotations-var.c
minix/external/bsd/llvm/dist/clang/test/CodeGen/2003-11-20-UnionBitfield.c
minix/external/bsd/llvm/dist/clang/test/CodeGen/2007-04-11-PR1321.c
minix/external/bsd/llvm/dist/clang/test/CodeGen/attr-coldhot.c
minix/external/bsd/llvm/dist/clang/test/CodeGen/2006-12-14-ordered_expr.c
minix/external/bsd/llvm/dist/clang/test/CodeGen/stack-protector.c
minix/external/bsd/llvm/dist/clang/test/CodeGen/le32-vaarg.c
minix/external/bsd/llvm/dist/clang/test/CodeGen/2002-05-23-StaticValues.c
minix/external/bsd/llvm/dist/clang/test/CodeGen/mips-type-sizes.c
minix/external/bsd/llvm/dist/clang/test/CodeGen/2002-07-14-MiscTests.c
minix/external/bsd/llvm/dist/clang/test/CodeGen/mmx-inline-asm-error.c
minix/external/bsd/llvm/dist/clang/test/CodeGen/neon-crypto.c
minix/external/bsd/llvm/dist/clang/test/CodeGen/PR15826.c
minix/external/bsd/llvm/dist/clang/test/CodeGen/global-decls.c
minix/external/bsd/llvm/dist/clang/test/CodeGen/2004-07-06-FunctionCast.c
minix/external/bsd/llvm/dist/clang/test/CodeGen/ubsan-blacklist.c
minix/external/bsd/llvm/dist/clang/test/CodeGen/code-coverage.c
minix/external/bsd/llvm/dist/clang/test/CodeGen/adx-builtins.c
minix/external/bsd/llvm/dist/clang/test/CodeGen/trapv.c
minix/external/bsd/llvm/dist/clang/test/CodeGen/2007-04-05-PadBeforeZeroLengthField.c
minix/external/bsd/llvm/dist/clang/test/CodeGen/2009-12-07-BitFieldAlignment.c
minix/external/bsd/llvm/dist/clang/test/CodeGen/2002-02-13-ReloadProblem.c
minix/external/bsd/llvm/dist/clang/test/CodeGen/2007-04-05-PackedBitFields.c
minix/external/bsd/llvm/dist/clang/test/CodeGen/2007-03-27-VarLengthArray.c
minix/external/bsd/llvm/dist/clang/test/CodeGen/2002-07-31-SubregFailure.c
minix/external/bsd/llvm/dist/clang/test/CodeGen/unsigned-trapv.c
minix/external/bsd/llvm/dist/clang/test/CodeGen/2008-07-31-asm-labels.c
minix/external/bsd/llvm/dist/clang/test/CodeGen/arm64_vext.c
minix/external/bsd/llvm/dist/clang/test/CodeGen/lifetime2.c
minix/external/bsd/llvm/dist/clang/test/CodeGen/atomic-ops-libcall.c
minix/external/bsd/llvm/dist/clang/test/CodeGen/2007-09-05-ConstCtor.c
minix/external/bsd/llvm/dist/clang/test/CodeGen/pragma-comment.c
minix/external/bsd/llvm/dist/clang/test/CodeGen/2007-03-01-VarSizeArrayIdx.c
minix/external/bsd/llvm/dist/clang/test/CodeGen/block-with-perdefinedexpr.c
minix/external/bsd/llvm/dist/clang/test/CodeGen/sparcv9-abi.c
minix/external/bsd/llvm/dist/clang/test/CodeGen/ms_struct-bitfield-1.c
minix/external/bsd/llvm/dist/clang/test/CodeGen/aarch64-poly128.c
minix/external/bsd/llvm/dist/clang/test/CodeGen/mips-constraints-mem.c
minix/external/bsd/llvm/dist/clang/test/CodeGen/blocks-seq.c
minix/external/bsd/llvm/dist/clang/test/CodeGen/pragma-detect_mismatch.c
minix/external/bsd/llvm/dist/clang/test/CodeGen/2007-09-26-Alignment.c
minix/external/bsd/llvm/dist/clang/test/CodeGen/2008-09-22-bad-switch-type.c
minix/external/bsd/llvm/dist/clang/test/CodeGen/enum.c
minix/external/bsd/llvm/dist/clang/test/CodeGen/2007-04-24-bit-not-expr.c
minix/external/bsd/llvm/dist/clang/test/CodeGen/arrayderef.c
minix/external/bsd/llvm/dist/clang/test/CodeGen/adc-builtins.c
minix/external/bsd/llvm/dist/clang/test/CodeGen/2005-04-09-ComplexOps.c
minix/external/bsd/llvm/dist/clang/test/CodeGen/arm-atomics-m.c
minix/external/bsd/llvm/dist/clang/test/CodeGen/mips-vector-arg.c
minix/external/bsd/llvm/dist/clang/test/CodeGen/sha-builtins.c
minix/external/bsd/llvm/dist/clang/test/CodeGen/debug-info-compilation-dir.c
minix/external/bsd/llvm/dist/clang/test/CodeGen/ms-anonymous-struct.c
minix/external/bsd/llvm/dist/clang/test/CodeGen/nvptx-inlineasm.c
minix/external/bsd/llvm/dist/clang/test/CodeGen/2003-08-18-StructAsValue.c
minix/external/bsd/llvm/dist/clang/test/CodeGen/redefine_extname.c
minix/external/bsd/llvm/dist/clang/test/CodeGen/2008-08-07-GEPIntToPtr.c
minix/external/bsd/llvm/dist/clang/test/CodeGen/2008-02-08-bitfield-bug.c
minix/external/bsd/llvm/dist/clang/test/CodeGen/ppc-signbit.c
minix/external/bsd/llvm/dist/clang/test/CodeGen/lzcnt-builtins.c
minix/external/bsd/llvm/dist/clang/test/CodeGen/types.c
minix/external/bsd/llvm/dist/clang/test/CodeGen/mips-clobber-reg.c
minix/external/bsd/llvm/dist/clang/test/CodeGen/2009-06-14-anonymous-union-init.c
minix/external/bsd/llvm/dist/clang/test/CodeGen/2009-04-28-UnionArrayCrash.c
minix/external/bsd/llvm/dist/clang/test/CodeGen/2002-07-30-VarArgsCallFailure.c
minix/external/bsd/llvm/dist/clang/test/CodeGen/vla-4.c
minix/external/bsd/llvm/dist/clang/test/CodeGen/bool-bitfield.c
minix/external/bsd/llvm/dist/clang/test/CodeGen/pr3518.c
minix/external/bsd/llvm/dist/clang/test/CodeGen/compound-type.c
minix/external/bsd/llvm/dist/clang/test/CodeGen/instrument-functions.c
minix/external/bsd/llvm/dist/clang/test/CodeGen/2003-11-26-PointerShift.c
minix/external/bsd/llvm/dist/clang/test/CodeGen/2003-11-27-ConstructorCast.c
minix/external/bsd/llvm/dist/clang/test/CodeGen/arm64_vget.c
minix/external/bsd/llvm/dist/clang/test/CodeGen/empty-union-init.c
minix/external/bsd/llvm/dist/clang/test/CodeGen/finite-math.c
minix/external/bsd/llvm/dist/clang/test/CodeGen/2003-11-01-GlobalUnionInit.c
minix/external/bsd/llvm/dist/clang/test/CodeGen/target-data.c
minix/external/bsd/llvm/dist/clang/test/CodeGen/address-space.c
minix/external/bsd/llvm/dist/clang/test/CodeGen/alignment.c
minix/external/bsd/llvm/dist/clang/test/CodeGen/2007-05-29-UnionCopy.c
minix/external/bsd/llvm/dist/clang/test/CodeGen/2006-07-31-PR854.c
minix/external/bsd/llvm/dist/clang/test/CodeGen/2004-02-12-LargeAggregateCopy.c
minix/external/bsd/llvm/dist/clang/test/CodeGen/2011-03-31-ArrayRefFolding.c
minix/external/bsd/llvm/dist/clang/test/CodeGen/int-to-pointer.c
minix/external/bsd/llvm/dist/clang/test/CodeGen/static-forward-decl.c
minix/external/bsd/llvm/dist/clang/test/CodeGen/arm-microsoft-intrinsics.c
minix/external/bsd/llvm/dist/clang/test/CodeGen/arm64-aapcs-arguments.c
minix/external/bsd/llvm/dist/clang/test/CodeGen/2003-08-23-LocalUnionTest.c
minix/external/bsd/llvm/dist/clang/test/CodeGen/union-align.c
minix/external/bsd/llvm/dist/clang/test/CodeGen/2008-04-08-NoExceptions.c
minix/external/bsd/llvm/dist/clang/test/CodeGen/builtin-unwind-init.c
minix/external/bsd/llvm/dist/clang/test/CodeGen/arm-arguments.c
minix/external/bsd/llvm/dist/clang/test/CodeGen/2009-06-01-addrofknr.c
minix/external/bsd/llvm/dist/clang/test/CodeGen/2002-05-23-TypeNameCollision.c
minix/external/bsd/llvm/dist/clang/test/CodeGen/arm64_vset_lane.c
minix/external/bsd/llvm/dist/clang/test/CodeGen/atomic-ops.c
minix/external/bsd/llvm/dist/clang/test/CodeGen/builtins-ppc-altivec.c
minix/external/bsd/llvm/dist/clang/test/CodeGen/2010-02-10-PointerName.c
minix/external/bsd/llvm/dist/clang/test/CodeGen/x86_64-arguments-darwin.c
minix/external/bsd/llvm/dist/clang/test/CodeGen/c-strings.c
minix/external/bsd/llvm/dist/clang/test/CodeGen/pr2394.c
minix/external/bsd/llvm/dist/clang/test/CodeGen/alias.c
minix/external/bsd/llvm/dist/clang/test/CodeGen/2003-10-28-ident.c
minix/external/bsd/llvm/dist/clang/test/CodeGen/arm_acle.c
minix/external/bsd/llvm/dist/clang/test/CodeGen/private-extern.c
minix/external/bsd/llvm/dist/clang/test/CodeGen/sse-builtins.c
minix/external/bsd/llvm/dist/clang/test/CodeGen/arm64_neon_high_half.c
minix/external/bsd/llvm/dist/clang/test/CodeGen/2008-10-13-FrontendCrash.c
minix/external/bsd/llvm/dist/clang/test/CodeGen/2002-09-18-UnionProblem.c
minix/external/bsd/llvm/dist/clang/test/CodeGen/debug-info-block.c
minix/external/bsd/llvm/dist/clang/test/CodeGen/PR2001-bitfield-reload.c
minix/external/bsd/llvm/dist/clang/test/CodeGen/ppc64-align-long-double.c
minix/external/bsd/llvm/dist/clang/test/CodeGen/function-attributes.c
minix/external/bsd/llvm/dist/clang/test/CodeGen/uint128_t.c
minix/external/bsd/llvm/dist/clang/test/CodeGen/sanitize-recover.c
minix/external/bsd/llvm/dist/clang/test/CodeGen/volatile-2.c
minix/external/bsd/llvm/dist/clang/test/CodeGen/pascal-wchar-string.c
minix/external/bsd/llvm/dist/clang/test/CodeGen/2008-01-07-UnusualIntSize.c
minix/external/bsd/llvm/dist/clang/test/CodeGen/2002-07-14-MiscTests3.c
minix/external/bsd/llvm/dist/clang/test/CodeGen/2008-02-07-bitfield-bug.c
minix/external/bsd/llvm/dist/clang/test/CodeGen/2007-09-28-PackedUnionMember.c
minix/external/bsd/llvm/dist/clang/test/CodeGen/2006-01-16-BitCountIntrinsicsUnsigned.c
minix/external/bsd/llvm/dist/clang/test/CodeGen/packed-nest-unpacked.c
minix/external/bsd/llvm/dist/clang/test/CodeGen/x86_32-arguments-realign.c
minix/external/bsd/llvm/dist/clang/test/CodeGen/debug-info-gline-tables-only.c
minix/external/bsd/llvm/dist/clang/test/CodeGen/ppc64-varargs-complex.c
minix/external/bsd/llvm/dist/clang/test/CodeGen/2002-03-14-BrokenSSA.c
minix/external/bsd/llvm/dist/clang/test/CodeGen/nvptx-inlineasm-ptx.c
minix/external/bsd/llvm/dist/clang/test/CodeGen/2008-02-26-inline-asm-bug.c
minix/external/bsd/llvm/dist/clang/test/CodeGen/struct-passing.c
minix/external/bsd/llvm/dist/clang/test/CodeGen/3dnow-builtins.c
minix/external/bsd/llvm/dist/clang/test/CodeGen/mips64-padding-arg.c
minix/external/bsd/llvm/dist/clang/test/CodeGen/windows-on-arm-dllimport-dllexport.c
minix/external/bsd/llvm/dist/clang/test/CodeGen/2003-08-20-PrototypeMismatch.c
minix/external/bsd/llvm/dist/clang/test/CodeGen/2002-07-14-MiscListTests.c
minix/external/bsd/llvm/dist/clang/test/CodeGen/arm-metadata.c
minix/external/bsd/llvm/dist/clang/test/CodeGen/2003-11-08-PointerSubNotGetelementptr.c
minix/external/bsd/llvm/dist/clang/test/CodeGen/2003-11-19-AddressOfRegister.c
minix/external/bsd/llvm/dist/clang/test/CodeGen/pointer-signext.c
minix/external/bsd/llvm/dist/clang/test/CodeGen/avx512vl-builtins.c
minix/external/bsd/llvm/dist/clang/test/CodeGen/alignof.c
minix/external/bsd/llvm/dist/clang/test/CodeGen/2008-03-05-syncPtr.c
minix/external/bsd/llvm/dist/clang/test/CodeGen/2002-12-15-GlobalBoolTest.c
minix/external/bsd/llvm/dist/clang/test/CodeGen/2010-07-14-ref-off-end.c
minix/external/bsd/llvm/dist/clang/test/CodeGen/2003-10-09-UnionInitializerBug.c
minix/external/bsd/llvm/dist/clang/test/CodeGen/2007-04-24-VolatileStructCopy.c
minix/external/bsd/llvm/dist/clang/test/CodeGen/2009-03-13-dbg.c
minix/external/bsd/llvm/dist/clang/test/CodeGen/struct-copy.c
minix/external/bsd/llvm/dist/clang/test/CodeGen/regparm-struct.c
minix/external/bsd/llvm/dist/clang/test/CodeGen/2005-06-15-ExpandGotoInternalProblem.c
minix/external/bsd/llvm/dist/clang/test/CodeGen/attr-optnone.c
minix/external/bsd/llvm/dist/clang/test/CodeGen/2003-06-26-CFECrash.c
minix/external/bsd/llvm/dist/clang/test/CodeGen/2007-08-21-ComplexCst.c
minix/external/bsd/llvm/dist/clang/test/CodeGen/func-decl-cleanup.c
minix/external/bsd/llvm/dist/clang/test/CodeGen/2009-05-28-const-typedef.c
minix/external/bsd/llvm/dist/clang/test/CodeGen/2008-01-25-ByValReadNone.c
minix/external/bsd/llvm/dist/clang/test/CodeGen/thread-specifier.c
minix/external/bsd/llvm/dist/clang/test/CodeGen/cleanup-stack.c
minix/external/bsd/llvm/dist/clang/test/CodeGen/incomplete-function-type-2.c
minix/external/bsd/llvm/dist/clang/test/CodeGen/sparcv9-dwarf.c
minix/external/bsd/llvm/dist/clang/test/CodeGen/linkage-redecl.c
minix/external/bsd/llvm/dist/clang/test/CodeGen/2007-04-13-InlineAsmUnion2.c
minix/external/bsd/llvm/dist/clang/test/CodeGen/arm-cc.c
minix/external/bsd/llvm/dist/clang/test/CodeGen/2002-03-14-BrokenPHINode.c
minix/external/bsd/llvm/dist/clang/test/CodeGen/ms_struct-bitfield-init.c
minix/external/bsd/llvm/dist/clang/test/CodeGen/merge-statics.c
minix/external/bsd/llvm/dist/clang/test/CodeGen/2009-01-05-BlockInlining.c
minix/external/bsd/llvm/dist/clang/test/CodeGen/builtins-arm.c
minix/external/bsd/llvm/dist/clang/test/CodeGen/2002-04-10-StructParameters.c
minix/external/bsd/llvm/dist/clang/test/CodeGen/linetable-endscope.c
minix/external/bsd/llvm/dist/clang/test/CodeGen/nvptx-abi.c
minix/external/bsd/llvm/dist/clang/test/CodeGen/mangle-blocks.c
minix/external/bsd/llvm/dist/clang/test/CodeGen/2005-09-24-BitFieldCrash.c
minix/external/bsd/llvm/dist/clang/test/CodeGen/2010-01-14-FnType-DebugInfo.c
minix/external/bsd/llvm/dist/clang/test/CodeGen/2007-09-27-ComplexIntCompare.c
minix/external/bsd/llvm/dist/clang/test/CodeGen/2002-03-12-ArrayInitialization.c
minix/external/bsd/llvm/dist/clang/test/CodeGen/regparm.c
minix/external/bsd/llvm/dist/clang/test/CodeGen/attr-availability.c
minix/external/bsd/llvm/dist/clang/test/CodeGen/debug-info-block-decl.c
minix/external/bsd/llvm/dist/clang/test/CodeGen/2007-10-02-VolatileArray.c
minix/external/bsd/llvm/dist/clang/test/CodeGen/2005-07-20-SqrtNoErrno.c
minix/external/bsd/llvm/dist/clang/test/CodeGen/2007-03-26-ZeroWidthBitfield.c
minix/external/bsd/llvm/dist/clang/test/CodeGen/arm-crc32.c
minix/external/bsd/llvm/dist/clang/test/CodeGen/2009-02-13-zerosize-union-field.c
minix/external/bsd/llvm/dist/clang/test/CodeGen/mmx-shift-with-immediate.c
minix/external/bsd/llvm/dist/clang/test/CodeGen/attr-used.c
minix/external/bsd/llvm/dist/clang/test/CodeGen/2003-08-21-WideString.c
minix/external/bsd/llvm/dist/clang/test/CodeGen/2009-09-24-SqrtErrno.c
minix/external/bsd/llvm/dist/clang/test/CodeGen/arm64_vtst.c
minix/external/bsd/llvm/dist/clang/test/CodeGen/exceptions.c
minix/external/bsd/llvm/dist/clang/test/CodeGen/compound-literal.c
minix/external/bsd/llvm/dist/clang/test/CodeGen/nomathbuiltin.c
minix/external/bsd/llvm/dist/clang/test/CodeGen/systemz-inline-asm.c
minix/external/bsd/llvm/dist/clang/test/CodeGen/2006-09-28-SimpleAsm.c
minix/external/bsd/llvm/dist/clang/test/CodeGen/2004-11-25-UnnamedBitfieldPadding.c
minix/external/bsd/llvm/dist/clang/test/CodeGen/variable-array.c
minix/external/bsd/llvm/dist/clang/test/CodeGen/fsgsbase-builtins.c
minix/external/bsd/llvm/dist/clang/test/CodeGen/libcalls-complex.c
minix/external/bsd/llvm/dist/clang/test/CodeGen/xcore-stringtype.c
minix/external/bsd/llvm/dist/clang/test/CodeGen/2005-03-11-Prefetch.c
minix/external/bsd/llvm/dist/clang/test/CodeGen/2007-04-05-PackedStruct.c
minix/external/bsd/llvm/dist/clang/test/CodeGen/arm-interrupt-attr.c
minix/external/bsd/llvm/dist/clang/test/CodeGen/misaligned-param.c
minix/external/bsd/llvm/dist/clang/test/CodeGen/stdcall-fastcall.c
minix/external/bsd/llvm/dist/clang/test/CodeGen/2004-05-07-VarArrays.c
minix/external/bsd/llvm/dist/clang/test/CodeGen/arm-homogenous.c
minix/external/bsd/llvm/dist/clang/test/CodeGen/2010-06-11-SaveExpr.c
minix/external/bsd/llvm/dist/clang/test/CodeGen/2007-02-25-C-DotDotDot.c
minix/external/bsd/llvm/dist/clang/test/CodeGen/arm64-vrnd.c
minix/external/bsd/llvm/dist/clang/test/CodeGen/builtin-expect.c
minix/external/bsd/llvm/dist/clang/test/CodeGen/24-bit.c
minix/external/bsd/llvm/dist/clang/test/CodeGen/2005-09-20-ComplexConstants.c
minix/external/bsd/llvm/dist/clang/test/CodeGen/2005-12-04-AttributeUsed.c
minix/external/bsd/llvm/dist/clang/test/CodeGen/ucn-identifiers.c
minix/external/bsd/llvm/dist/clang/test/CodeGen/bounds-checking.c
minix/external/bsd/llvm/dist/clang/test/CodeGen/aarch64-varargs.c
minix/external/bsd/llvm/dist/clang/test/CodeGen/c11atomics.c
minix/external/bsd/llvm/dist/clang/test/CodeGen/no-opt-volatile-memcpy.c
minix/external/bsd/llvm/dist/clang/test/CodeGen/ms_abi.c
minix/external/bsd/llvm/dist/clang/test/CodeGen/noinline.c
minix/external/bsd/llvm/dist/clang/test/CodeGen/char-literal.c
minix/external/bsd/llvm/dist/clang/test/CodeGen/global-with-initialiser.c
minix/external/bsd/llvm/dist/clang/test/CodeGen/ms_struct-bitfield-2.c
minix/external/bsd/llvm/dist/clang/test/CodeGen/2007-04-13-InlineAsmStruct2.c
minix/external/bsd/llvm/dist/clang/test/CodeGen/restrict.c
minix/external/bsd/llvm/dist/clang/test/CodeGen/vector-alignment.c
minix/external/bsd/llvm/dist/clang/test/CodeGen/2002-03-12-StructInitialize.c
minix/external/bsd/llvm/dist/clang/test/CodeGen/emit-all-decls.c
minix/external/bsd/llvm/dist/clang/test/CodeGen/2002-03-11-LargeCharInString.c
minix/external/bsd/llvm/dist/clang/test/CodeGen/unsigned-promotion.c
minix/external/bsd/llvm/dist/clang/test/CodeGen/mmx-builtins.c
minix/external/bsd/llvm/dist/clang/test/CodeGen/prefetchw-builtins.c
minix/external/bsd/llvm/dist/clang/test/CodeGen/unsigned-overflow.c
minix/external/bsd/llvm/dist/clang/test/CodeGen/no-common.c
minix/external/bsd/llvm/dist/clang/test/CodeGen/debug-info-block-out-return.c
minix/external/bsd/llvm/dist/clang/test/CodeGen/PR4611-bitfield-layout.c
minix/external/bsd/llvm/dist/clang/test/CodeGen/nvptx-cc.c
minix/external/bsd/llvm/dist/clang/test/CodeGen/c11atomics-ios.c
minix/external/bsd/llvm/dist/clang/test/CodeGen/2003-01-30-UnionInit.c
minix/external/bsd/llvm/dist/clang/test/CodeGen/2003-08-20-vfork-bug.c
minix/external/bsd/llvm/dist/clang/test/CodeGen/2005-03-06-OffsetOfStructCrash.c
minix/external/bsd/llvm/dist/clang/test/CodeGen/2007-02-16-VoidPtrDiff.c
minix/external/bsd/llvm/dist/clang/test/CodeGen/func-ptr-cast-decl.c
minix/external/bsd/llvm/dist/clang/test/CodeGen/incomplete-function-type.c
minix/external/bsd/llvm/dist/clang/test/CodeGen/arm-neon-directed-rounding.c
minix/external/bsd/llvm/dist/clang/test/CodeGen/2007-04-14-FNoBuiltin.c
minix/external/bsd/llvm/dist/clang/test/CodeGen/2003-08-29-StructLayoutBug.c
minix/external/bsd/llvm/dist/clang/test/CodeGen/tls-model.c
minix/external/bsd/llvm/dist/clang/test/CodeGen/decl.c
minix/external/bsd/llvm/dist/clang/test/CodeGen/builtin-assume.c
minix/external/bsd/llvm/dist/clang/test/CodeGen/arm-inline-asm.c
minix/external/bsd/llvm/dist/clang/test/CodeGen/constant-comparison.c
minix/external/bsd/llvm/dist/clang/test/CodeGen/2007-04-17-ZeroSizeBitFields.c
minix/external/bsd/llvm/dist/clang/test/CodeGen/2011-03-08-ZeroFieldUnionInitializer.c
minix/external/bsd/llvm/dist/clang/test/CodeGen/pr5406.c
minix/external/bsd/llvm/dist/clang/test/CodeGen/debug-info-line4.c
minix/external/bsd/llvm/dist/clang/test/CodeGen/2008-07-22-bitfield-init-after-zero-len-array.c
minix/external/bsd/llvm/dist/clang/test/CodeGen/debug-info-typedef.c
minix/external/bsd/llvm/dist/clang/test/CodeGen/cfstring2.c
minix/external/bsd/llvm/dist/clang/test/CodeGen/builtin-stackaddress.c
minix/external/bsd/llvm/dist/clang/test/CodeGen/2006-09-21-IncompleteElementType.c
minix/external/bsd/llvm/dist/clang/test/CodeGen/mangle.c
minix/external/bsd/llvm/dist/clang/test/CodeGen/ext-vector-member-alignment.c
minix/external/bsd/llvm/dist/clang/test/CodeGen/f16c-builtins.c
minix/external/bsd/llvm/dist/clang/test/CodeGen/2009-06-18-StaticInitTailPadPack.c
minix/external/bsd/llvm/dist/clang/test/CodeGen/ms_struct.c
minix/external/bsd/llvm/dist/clang/test/CodeGen/pascal-string.c
minix/external/bsd/llvm/dist/clang/test/CodeGen/ms-inline-asm.c
minix/external/bsd/llvm/dist/clang/test/CodeGen/weak_constant.c
minix/external/bsd/llvm/dist/clang/test/CodeGen/string-literal-unicode-conversion.c
minix/external/bsd/llvm/dist/clang/test/CodeGen/debug-info-enum.c
minix/external/bsd/llvm/dist/clang/test/CodeGen/struct-init.c
minix/external/bsd/llvm/dist/clang/test/CodeGen/struct.c
minix/external/bsd/llvm/dist/clang/test/CodeGen/asm.c
minix/external/bsd/llvm/dist/clang/test/CodeGen/2002-02-14-EntryNodePreds.c
minix/external/bsd/llvm/dist/clang/test/CodeGen/2007-06-15-AnnotateAttribute.c
minix/external/bsd/llvm/dist/clang/test/CodeGen/decl-in-prototype.c
minix/external/bsd/llvm/dist/clang/test/CodeGen/x86.c
minix/external/bsd/llvm/dist/clang/test/CodeGen/2006-05-19-SingleEltReturn.c
minix/external/bsd/llvm/dist/clang/test/CodeGen/global-init.c
minix/external/bsd/llvm/dist/clang/test/CodeGen/darwin-thread-specifier.c
minix/external/bsd/llvm/dist/clang/test/CodeGen/cast-emit.c
minix/external/bsd/llvm/dist/clang/test/CodeGen/packed-structure.c
minix/external/bsd/llvm/dist/clang/test/CodeGen/2002-03-14-QuotesInStrConst.c
minix/external/bsd/llvm/dist/clang/test/CodeGen/complex-math.c
minix/external/bsd/llvm/dist/clang/test/CodeGen/2002-01-24-ComplexSpaceInType.c
minix/external/bsd/llvm/dist/clang/test/CodeGen/pragma-pack-3.c
minix/external/bsd/llvm/dist/clang/test/CodeGen/struct-comma.c
minix/external/bsd/llvm/dist/clang/test/CodeGen/sse-builtins-dbg.c
minix/external/bsd/llvm/dist/clang/test/CodeGen/2002-07-16-HardStringInit.c
minix/external/bsd/llvm/dist/clang/test/CodeGen/x86_32-arguments-darwin.c
minix/external/bsd/llvm/dist/clang/test/CodeGen/2010-01-13-MemBarrier.c
minix/external/bsd/llvm/dist/clang/test/CodeGen/weak-global.c
minix/external/bsd/llvm/dist/clang/test/CodeGen/2003-08-17-DeadCodeShortCircuit.c
minix/external/bsd/llvm/dist/clang/test/CodeGen/attribute_constructor.c
minix/external/bsd/llvm/dist/clang/test/CodeGen/attr-cleanup.c
minix/external/bsd/llvm/dist/clang/test/CodeGen/microsoft-call-conv-x64.c
minix/external/bsd/llvm/dist/clang/test/CodeGen/asm_arm64.c
minix/external/bsd/llvm/dist/clang/test/CodeGen/arm64_vsli.c
minix/external/bsd/llvm/dist/clang/test/CodeGen/2009-08-14-vararray-crash.c
minix/external/bsd/llvm/dist/clang/test/CodeGen/2002-08-19-RecursiveLocals.c
minix/external/bsd/llvm/dist/clang/test/CodeGen/pointer-cmp-type.c
minix/external/bsd/llvm/dist/clang/test/CodeGen/dependent-lib.c
minix/external/bsd/llvm/dist/clang/test/CodeGen/builtins-overflow.c
minix/external/bsd/llvm/dist/clang/test/CodeGen/builtin-memfns.c
minix/external/bsd/llvm/dist/clang/test/CodeGen/call.c
minix/external/bsd/llvm/dist/clang/test/CodeGen/PR3589-freestanding-libcalls.c
minix/external/bsd/llvm/dist/clang/test/CodeGen/integer-overflow.c
minix/external/bsd/llvm/dist/clang/test/CodeGen/2007-04-11-InlineAsmUnion.c
minix/external/bsd/llvm/dist/clang/test/CodeGen/pclmul-builtins.c
minix/external/bsd/llvm/dist/clang/test/CodeGen/mips-zero-sized-struct.c
minix/external/bsd/llvm/dist/clang/test/CodeGen/2007-08-01-LoadStoreAlign.c
minix/external/bsd/llvm/dist/clang/test/CodeGen/atomic_ops.c
minix/external/bsd/llvm/dist/clang/test/CodeGen/aarch64-neon-intrinsics.c
minix/external/bsd/llvm/dist/clang/test/CodeGen/2003-08-30-AggregateInitializer.c
minix/external/bsd/llvm/dist/clang/test/CodeGen/extern-inline.c
minix/external/bsd/llvm/dist/clang/test/CodeGen/2003-06-29-MultipleFunctionDefinition.c
minix/external/bsd/llvm/dist/clang/test/CodeGen/aarch64-poly64.c
minix/external/bsd/llvm/dist/clang/test/CodeGen/2008-01-28-PragmaMark.c
minix/external/bsd/llvm/dist/clang/test/CodeGen/debug-info-scope.c
minix/external/bsd/llvm/dist/clang/test/CodeGen/named_reg_global.c
minix/external/bsd/llvm/dist/clang/test/CodeGen/arm-vaarg-align.c
minix/external/bsd/llvm/dist/clang/test/CodeGen/mips-constraint-regs.c
minix/external/bsd/llvm/dist/clang/test/CodeGen/debug-info-gline-tables-only2.c
minix/external/bsd/llvm/dist/clang/test/CodeGen/sret.c
minix/external/bsd/llvm/dist/clang/test/CodeGen/volatile-1.c
minix/external/bsd/llvm/dist/clang/test/CodeGen/OpaqueStruct.c
minix/external/bsd/llvm/dist/clang/test/CodeGen/builtins-arm-exclusive.c
minix/external/bsd/llvm/dist/clang/test/CodeGen/2005-09-24-AsmUserPrefix.c
minix/external/bsd/llvm/dist/clang/test/CodeGen/PR2743-reference-missing-static.c
minix/external/bsd/llvm/dist/clang/test/CodeGen/attributes.c
minix/external/bsd/llvm/dist/clang/test/CodeGen/ms-align-tentative.c
minix/external/bsd/llvm/dist/clang/test/CodeGen/inline.c
minix/external/bsd/llvm/dist/clang/test/CodeGen/global-blocks-lines.c
minix/external/bsd/llvm/dist/clang/test/CodeGen/annotations-builtin.c
minix/external/bsd/llvm/dist/clang/test/CodeGen/libcalls-d.c
minix/external/bsd/llvm/dist/clang/test/CodeGen/atomic-arm64.c
minix/external/bsd/llvm/dist/clang/test/CodeGen/asm-inout.c
minix/external/bsd/llvm/dist/clang/test/CodeGen/powerpc_types.c
minix/external/bsd/llvm/dist/clang/test/CodeGen/debug-info-limited.c
minix/external/bsd/llvm/dist/clang/test/CodeGen/available-externally-suppress.c
minix/external/bsd/llvm/dist/clang/test/CodeGen/kr-func-promote.c
minix/external/bsd/llvm/dist/clang/test/CodeGen/2003-11-12-VoidString.c
minix/external/bsd/llvm/dist/clang/test/CodeGen/builtin-attributes.c
minix/external/bsd/llvm/dist/clang/test/CodeGen/builtins-x86.c
minix/external/bsd/llvm/dist/clang/test/CodeGen/builtins-arm-msvc-compat-only.c
minix/external/bsd/llvm/dist/clang/test/CodeGen/fma-builtins.c
minix/external/bsd/llvm/dist/clang/test/CodeGen/arm_neon_intrinsics.c
minix/external/bsd/llvm/dist/clang/test/CodeGen/x86_64-atomic-128.c
minix/external/bsd/llvm/dist/clang/test/CodeGen/2007-11-07-CopyAggregateAlign.c
minix/external/bsd/llvm/dist/clang/test/CodeGen/blocks-aligned-byref-variable.c
minix/external/bsd/llvm/dist/clang/test/CodeGen/ppc-varargs-struct.c
minix/external/bsd/llvm/dist/clang/test/CodeGen/2010-08-10-DbgConstant.c
minix/external/bsd/llvm/dist/clang/test/CodeGen/arm-neon-misc.c
minix/external/bsd/llvm/dist/clang/test/CodeGen/2002-03-12-StructInitializer.c
minix/external/bsd/llvm/dist/clang/test/CodeGen/vla-3.c
minix/external/bsd/llvm/dist/clang/test/CodeGen/struct-matching-constraint.c
minix/external/bsd/llvm/dist/clang/test/CodeGen/init-with-member-expr.c
minix/external/bsd/llvm/dist/clang/test/CodeGen/fold-const-declref.c
minix/external/bsd/llvm/dist/clang/test/CodeGen/2008-09-03-WeakAlias.c
minix/external/bsd/llvm/dist/clang/test/CodeGen/debug-info-vla.c
minix/external/bsd/llvm/dist/clang/test/CodeGen/mips-byval-arg.c
minix/external/bsd/llvm/dist/clang/test/CodeGen/const-label-addr.c
minix/external/bsd/llvm/dist/clang/test/CodeGen/arm64_vca.c
minix/external/bsd/llvm/dist/clang/test/CodeGen/2007-05-11-str-const.c
minix/external/bsd/llvm/dist/clang/test/CodeGen/designated-initializers.c
minix/external/bsd/llvm/dist/clang/test/CodeGen/2002-01-24-HandleCallInsnSEGV.c
minix/external/bsd/llvm/dist/clang/test/CodeGen/2003-11-04-EmptyStruct.c
minix/external/bsd/llvm/dist/clang/test/CodeGen/le32-libcall-pow.c
minix/external/bsd/llvm/dist/clang/test/CodeGen/2008-07-22-packed-bitfield-access.c
minix/external/bsd/llvm/dist/clang/test/CodeGen/always-inline.c
minix/external/bsd/llvm/dist/clang/test/CodeGen/2007-11-28-GlobalInitializer.c
minix/external/bsd/llvm/dist/clang/test/CodeGen/arm-be-result-return.c
minix/external/bsd/llvm/dist/clang/test/CodeGen/2003-11-19-BitFieldArray.c
minix/external/bsd/llvm/dist/clang/test/CodeGen/packed-arrays.c
minix/external/bsd/llvm/dist/clang/test/Profile/c-unprofiled-blocks.c
minix/external/bsd/llvm/dist/clang/test/Profile/c-linkage-available_externally.c
minix/external/bsd/llvm/dist/clang/test/Profile/c-counter-overflows.c
minix/external/bsd/llvm/dist/clang/test/Profile/c-linkage.c
minix/external/bsd/llvm/dist/clang/test/Profile/c-general.c
minix/external/bsd/llvm/dist/clang/test/Profile/c-attributes.c
minix/external/bsd/llvm/dist/clang/test/Profile/c-captured.c
minix/external/bsd/llvm/dist/clang/test/Profile/c-unprofiled.c
minix/external/bsd/llvm/dist/clang/test/Profile/c-outdated-data.c
minix/external/bsd/llvm/dist/clang/test/Profile/c-unreachable-after-switch.c
minix/external/bsd/llvm/dist/clang/test/Headers/xmmintrin.c
minix/external/bsd/llvm/dist/clang/test/Headers/cpuid.c
minix/external/bsd/llvm/dist/clang/test/CodeGenObjC/attr-strong.c
minix/external/bsd/llvm/dist/clang/test/Modules/irgen.c
minix/external/bsd/llvm/dist/clang/test/Preprocessor/pp-record.c
minix/external/bsd/llvm/dist/clang/test/Preprocessor/init.c
minix/external/bsd/llvm/dist/clang/test/Preprocessor/traditional-cpp.c
minix/external/bsd/llvm/dist/clang/test/Coverage/codegen.c
minix/external/bsd/llvm/dist/clang/test/Coverage/targets.c
minix/external/bsd/llvm/dist/clang/test/OpenMP/simd_metadata.c
minix/external/bsd/llvm/dist/clang/utils/builtin-defines.c
minix/external/bsd/llvm/dist/llvm/tools/llvm-c-test/disassemble.c
minix/external/bsd/llvm/dist/llvm/tools/llvm-c-test/object.c
minix/external/bsd/llvm/dist/llvm/tools/llvm-c-test/calc.c
minix/external/bsd/llvm/dist/llvm/tools/llvm-c-test/module.c
minix/external/bsd/llvm/dist/llvm/tools/llvm-c-test/targets.c
minix/external/bsd/llvm/dist/llvm/tools/llvm-c-test/helpers.c
minix/external/bsd/llvm/dist/llvm/tools/llvm-c-test/main.c
minix/external/bsd/llvm/dist/llvm/tools/llvm-c-test/include-all.c
minix/external/bsd/llvm/dist/llvm/tools/llvm-c-test/metadata.c
minix/external/bsd/llvm/dist/llvm/test/DebugInfo/Inputs/llvm-symbolizer-test.c
minix/external/bsd/llvm/dist/llvm/test/DebugInfo/Inputs/cross-cu-inlining.c
minix/external/bsd/llvm/dist/llvm/lib/Support/ConvertUTF.c
minix/external/bsd/llvm/dist/llvm/lib/Support/regexec.c
minix/external/bsd/llvm/dist/llvm/lib/Support/regcomp.c
minix/external/bsd/llvm/dist/llvm/lib/Support/regerror.c
minix/external/bsd/llvm/dist/llvm/lib/Support/regstrlcpy.c
minix/external/bsd/llvm/dist/llvm/lib/Support/regfree.c
minix/external/bsd/llvm/dist/llvm/bindings/ocaml/analysis/analysis_ocaml.c
minix/external/bsd/llvm/dist/llvm/bindings/ocaml/linker/linker_ocaml.c
minix/external/bsd/llvm/dist/llvm/bindings/ocaml/all_backends/all_backends_ocaml.c
minix/external/bsd/llvm/dist/llvm/bindings/ocaml/bitreader/bitreader_ocaml.c
minix/external/bsd/llvm/dist/llvm/bindings/ocaml/target/target_ocaml.c
minix/external/bsd/llvm/dist/llvm/bindings/ocaml/backends/backend_ocaml.c
minix/external/bsd/llvm/dist/llvm/bindings/ocaml/llvm/llvm_ocaml.c
minix/external/bsd/llvm/dist/llvm/bindings/ocaml/executionengine/executionengine_ocaml.c
minix/external/bsd/llvm/dist/llvm/bindings/ocaml/transforms/ipo/ipo_ocaml.c
minix/external/bsd/llvm/dist/llvm/bindings/ocaml/transforms/utils/transform_utils_ocaml.c
minix/external/bsd/llvm/dist/llvm/bindings/ocaml/transforms/passmgr_builder/passmgr_builder_ocaml.c
minix/external/bsd/llvm/dist/llvm/bindings/ocaml/transforms/scalar_opts/scalar_opts_ocaml.c
minix/external/bsd/llvm/dist/llvm/bindings/ocaml/transforms/vectorize/vectorize_ocaml.c
minix/external/bsd/llvm/dist/llvm/bindings/ocaml/bitwriter/bitwriter_ocaml.c
minix/external/bsd/llvm/dist/llvm/bindings/ocaml/irreader/irreader_ocaml.c
minix/external/bsd/kyua-testers/dist/atf_inttest.c
minix/external/bsd/libarchive/dist/libarchive/archive_read_support_format_tar.c
minix/external/bsd/libarchive/dist/libarchive/test/test_write_format_cpio_newc.c
minix/external/bsd/libarchive/dist/libarchive/test/test_write_format_tar_ustar.c
minix/external/bsd/libarchive/dist/libarchive/test/test_entry.c
minix/external/bsd/libarchive/dist/libarchive/archive_write_set_format_cpio_newc.c
minix/external/bsd/libarchive/dist/libarchive/archive_write_set_format_ustar.c
minix/external/bsd/libarchive/dist/libarchive/archive_write_set_format_pax.c
minix/external/bsd/libarchive/dist/libarchive/archive_read_support_format_mtree.c
minix/external/bsd/libarchive/dist/libarchive/archive_write_set_format_shar.c
minix/external/bsd/libarchive/dist/libarchive/archive_entry.c
minix/external/bsd/libarchive/dist/libarchive/archive_write_set_format_mtree.c
minix/external/bsd/libarchive/dist/libarchive/archive_read_support_format_cpio.c
minix/external/bsd/libarchive/dist/libarchive/archive_read_support_format_xar.c
minix/external/bsd/libarchive/dist/tar/read.c
minix/external/bsd/libarchive/dist/cpio/test/test_format_newc.c
minix/external/bsd/libarchive/dist/cpio/test/test_passthrough_reverse.c
minix/external/bsd/libarchive/dist/cpio/test/test_passthrough_dotdot.c
minix/external/bsd/libarchive/dist/cpio/cpio.c
minix/external/bsd/dhcpcd/dist/ipv6nd.c
minix/external/bsd/dhcpcd/dist/dhcp6.c
minix/external/bsd/blacklist/lib/bl.c
minix/external/bsd/dhcp/dist/dst/prandom.c
minix/external/bsd/dhcp/dist/common/discover.c
minix/external/bsd/dhcp/dist/common/socket.c
minix/external/bsd/dhcp/dist/omapip/generic.c
minix/external/bsd/tmux/dist/compat/imsg.c
minix/external/bsd/libevent/dist/evmap.c
minix/external/bsd/libevent/dist/win32select.c
minix/external/bsd/libevent/dist/poll.c
minix/external/bsd/libevent/dist/evport.c
minix/external/bsd/libevent/dist/select.c
minix/external/bsd/libevent/dist/event.c
minix/external/bsd/libevent/dist/devpoll.c
minix/external/bsd/libevent/dist/signal.c
minix/external/bsd/libevent/dist/epoll.c
minix/external/bsd/libevent/dist/kqueue.c
minix/external/bsd/bind/dist/bin/nsupdate/nsupdate.c
minix/external/bsd/bind/dist/bin/named/controlconf.c
minix/external/bsd/bind/dist/lib/isc/unix/socket.c
minix/external/bsd/bind/dist/lib/isc/unix/net.c
minix/external/bsd/bind/dist/lib/isc/win32/socket.c
minix/external/bsd/bind/dist/lib/dns/client.c
minix/external/bsd/bind/dist/lib/dns/tsig.c
minix/external/bsd/tcpdump/dist/print-bootp.c
minix/external/bsd/tcpdump/dist/print-igmp.c
minix/external/bsd/tcpdump/dist/print-dvmrp.c
minix/external/bsd/nvi/dist/ip/ip_main.c
minix/external/bsd/libpcap/dist/pcap-can-linux.c
minix/external/bsd/libpcap/dist/pcap-dlpi.c
minix/external/bsd/libpcap/dist/pcap-bt-linux.c
minix/external/bsd/libpcap/dist/optimize.c
minix/external/bsd/libpcap/dist/pcap-linux.c
minix/external/bsd/libpcap/dist/inet.c
minix/external/bsd/libpcap/dist/pcap-bt-monitor-linux.c
minix/external/public-domain/sqlite/dist/sqlite3.c
minix/external/public-domain/sqlite/dist/shell.c
minix/external/public-domain/xz/dist/src/xz/message.c
minix/external/public-domain/xz/dist/src/common/tuklib_physmem.c
minix/external/mit/xorg/lib/libxcb/files/xvmc.c
minix/external/mit/xorg/lib/libxcb/files/xkb.c
minix/external/mit/lua/dist/src/lobject.c
minix/external/mit/lua/dist/src/lvm.c
minix/external/mit/lua/dist/src/ltable.c
minix/external/mit/lua/dist/src/lcode.c
minix/external/mit/lua/dist/src/lapi.c
minix/external/mit/lua/dist/src/ldebug.c
minix/external/mit/lua/dist/src/ltm.c
minix/external/mit/lua/dist/src/ldo.c
minix/minix/net/lwip/rawsock.c
minix/minix/net/lwip/udpsock.c
minix/minix/net/lwip/ipsock.c
minix/minix/net/lwip/bpfdev.c
minix/minix/net/lwip/tcpsock.c
minix/minix/net/uds/io.c
minix/minix/drivers/power/acpi/osminixxf.c
minix/minix/drivers/power/acpi/events/evmisc.c
minix/minix/drivers/power/acpi/acpi.c
minix/minix/drivers/sensors/sht21/sht21.c
minix/minix/drivers/sensors/tsl2550/tsl2550.c
minix/minix/drivers/sensors/bmp085/bmp085.c
minix/minix/drivers/video/fb/fb.c
minix/minix/drivers/video/fb/arch/earm/fb_arch.c
minix/minix/drivers/video/fb/fb_edid.c
minix/minix/drivers/video/tda19988/tda19988.c
minix/minix/drivers/tty/tty/arch/i386/console.c
minix/minix/drivers/tty/tty/arch/earm/rs232.c
minix/minix/drivers/tty/tty/tty.c
minix/minix/drivers/tty/pty/pty.c
minix/minix/drivers/tty/pty/tty.c
minix/minix/drivers/net/lan8710a/lan8710a.c
minix/minix/drivers/net/rtl8139/rtl8139.c
minix/minix/drivers/net/e1000/e1000.c
minix/minix/drivers/net/atl2/atl2.c
minix/minix/drivers/net/ip1000/ip1000.c
minix/minix/drivers/net/vt6105/vt6105.c
minix/minix/drivers/net/fxp/mii.c
minix/minix/drivers/net/dp8390/dp8390.c
minix/minix/drivers/net/3c90x/3c90x.c
minix/minix/drivers/net/dpeth/dp.c
minix/minix/drivers/printer/printer/printer.c
minix/minix/drivers/bus/pci/pci.c
minix/minix/drivers/bus/pci/main.c
minix/minix/drivers/bus/i2c/i2c.c
minix/minix/drivers/bus/i2c/arch/earm/omap_i2c.c
minix/minix/drivers/bus/ti1225/ti1225.c
minix/minix/drivers/storage/mmc/mmcblk.c
minix/minix/drivers/storage/mmc/emmc.c
minix/minix/drivers/storage/mmc/mmchost_mmchs.c
minix/minix/drivers/storage/ahci/ahci.c
minix/minix/drivers/storage/memory/memory.c
minix/minix/drivers/storage/fbd/fbd.c
minix/minix/drivers/storage/vnd/vnd.c
minix/minix/drivers/storage/virtio_blk/virtio_blk.c
minix/minix/drivers/storage/at_wini/at_wini.c
minix/minix/drivers/storage/filter/main.c
minix/minix/drivers/storage/floppy/floppy.c
minix/minix/drivers/usb/usb_hub/usb_hub.c
minix/minix/drivers/usb/usb_storage/usb_storage.c
minix/minix/drivers/usb/usbd/hcd/hcd_ddekit.c
minix/minix/drivers/usb/usbd/hcd/hcd_common.c
minix/minix/drivers/usb/usbd/hcd/hcd.c
minix/minix/drivers/usb/usbd/base/usbd.c
minix/minix/drivers/system/log/log.c
minix/minix/drivers/system/random/main.c
minix/minix/drivers/audio/cs4281/cs4281.c
minix/minix/drivers/audio/als4000/als4000.c
minix/minix/drivers/audio/cmi8738/cmi8738.c
minix/minix/drivers/audio/trident/trident.c
minix/minix/drivers/iommu/amddev/amddev.c
minix/minix/drivers/examples/hello/hello.c
minix/minix/drivers/vmm_guest/vbox/hgcm.c
minix/minix/drivers/vmm_guest/vbox/err.c
minix/minix/drivers/vmm_guest/vbox/vbox.c
minix/minix/drivers/eeprom/cat24c256/cat24c256.c
minix/minix/drivers/clock/readclock/arch/earm/omap_rtc.c
minix/minix/usr.bin/trace/service/mib.c
minix/minix/usr.bin/trace/service/vm.c
minix/minix/usr.bin/trace/service/rs.c
minix/minix/usr.bin/trace/service/vfs.c
minix/minix/usr.bin/trace/call.c
minix/minix/usr.bin/toproto/toproto.c
minix/minix/tests/t40e.c
minix/minix/tests/test72.c
minix/minix/tests/test91.c
minix/minix/tests/test9.c
minix/minix/tests/test88.c
minix/minix/tests/test92.c
minix/minix/tests/socklib.c
minix/minix/tests/testvm.c
minix/minix/tests/common-socket.c
minix/minix/tests/test93.c
minix/minix/tests/test56.c
minix/minix/tests/blocktest/blocktest.c
minix/minix/tests/test73.c
minix/minix/tests/kernel/sys_vumap/vumaptest.c
minix/minix/tests/test90.c
minix/minix/lib/libhgfs/channel.c
minix/minix/lib/libc/gen/configfile.c
minix/minix/lib/libc/sys/mmap.c
minix/minix/lib/libc/sys/brk.c
minix/minix/lib/libc/sys/recvmsg.c
minix/minix/lib/libc/arch/i386/_cpufeature.c
minix/minix/lib/libgpio/gpio_omap.c
minix/minix/lib/libfsdriver/call.c
minix/minix/lib/libaudiodriver/audio_fw.c
minix/minix/lib/libmagicrt/magic_mem.c
minix/minix/lib/libexec/exec_general.c
minix/minix/lib/libexec/exec_elf.c
minix/minix/lib/libasyn/asyn_special.c
minix/minix/lib/libvirtio/virtio.c
minix/minix/lib/libvassert/vassert.c
minix/minix/lib/libclkconf/clkconf.c
minix/minix/lib/libblockdriver/trace.c
minix/minix/lib/libblockdriver/driver.c
minix/minix/lib/libchardriver/chardriver.c
minix/minix/lib/libminixfs/bio.c
minix/minix/lib/libminixfs/cache.c
minix/minix/lib/liblwip/dist/src/netif/ppp/auth.c
minix/minix/lib/liblwip/dist/src/netif/ppp/multilink.c
minix/minix/lib/liblwip/dist/src/netif/ppp/demand.c
minix/minix/lib/liblwip/dist/src/api/api_lib.c
minix/minix/lib/liblwip/dist/src/api/api_msg.c
minix/minix/lib/libsys/alloc_util.c
minix/minix/lib/libsys/sef_st.c
minix/minix/lib/libsys/vm_prepare.c
minix/minix/lib/libsys/vm_getrusage.c
minix/minix/lib/libsys/vm_procctl.c
minix/minix/lib/libsys/vm_cache.c
minix/minix/lib/libsys/sef.c
minix/minix/lib/libsys/sef_liveupdate.c
minix/minix/lib/libsys/vm_set_priv.c
minix/minix/lib/libsys/sef_init.c
minix/minix/lib/libsys/vm_map_phys.c
minix/minix/lib/libsys/vm_memctl.c
minix/minix/lib/libsys/vm_update.c
minix/minix/lib/libsys/arch/i386/getidle.c
minix/minix/lib/libsys/sys_vmctl.c
minix/minix/lib/libsys/vm_fork.c
minix/minix/lib/libsys/llvm_gcov.c
minix/minix/lib/libsys/vm_info.c
minix/minix/lib/libsys/sef_llvm.c
minix/minix/lib/libsys/vm_exit.c
minix/minix/lib/libsys/mapdriver.c
minix/minix/lib/libdevman/usb.c
minix/minix/lib/libdevman/generic.c
minix/minix/lib/libddekit/src/resource.c
minix/minix/lib/libddekit/src/pgtab.c
minix/minix/lib/libddekit/src/usb_server.c
minix/minix/lib/libmthread/allocate.c
minix/minix/lib/libmthread/mutex.c
minix/minix/commands/devmand/main.c
minix/minix/commands/minix-service/minix-service.c
minix/minix/commands/minix-service/parse.c
minix/minix/commands/sprofalyze/sprofalyze.c
minix/minix/commands/vol/vol.c
minix/minix/commands/zmodem/sz.c
minix/minix/commands/zmodem/rz.c
minix/minix/commands/swifi/db_access.c
minix/minix/commands/slip/slip.c
minix/minix/commands/gcov-pull/gcov-pull.c
minix/minix/commands/cron/cron.c
minix/minix/commands/cron/misc.c
minix/minix/commands/rawspeed/rawspeed.c
minix/minix/fs/mfs/super.c
minix/minix/fs/mfs/main.c
minix/minix/fs/ext2/super.c
minix/minix/fs/ext2/main.c
minix/minix/fs/procfs/pid.c
minix/minix/fs/procfs/root.c
minix/minix/fs/procfs/service.c
minix/minix/fs/procfs/cpuinfo.c
minix/minix/servers/pm/exec.c
minix/minix/servers/pm/mcontext.c
minix/minix/servers/pm/main.c
minix/minix/servers/pm/forkexit.c
minix/minix/servers/pm/signal.c
minix/minix/servers/pm/misc.c
minix/minix/servers/vfs/table.c
minix/minix/servers/vfs/request.c
minix/minix/servers/vfs/pipe.c
minix/minix/servers/vfs/protect.c
minix/minix/servers/vfs/exec.c
minix/minix/servers/vfs/utility.c
minix/minix/servers/vfs/link.c
minix/minix/servers/vfs/coredump.c
minix/minix/servers/vfs/stadir.c
minix/minix/servers/vfs/mount.c
minix/minix/servers/vfs/select.c
minix/minix/servers/vfs/sdev.c
minix/minix/servers/vfs/socket.c
minix/minix/servers/vfs/read.c
minix/minix/servers/vfs/main.c
minix/minix/servers/vfs/time.c
minix/minix/servers/vfs/filedes.c
minix/minix/servers/vfs/path.c
minix/minix/servers/vfs/vnode.c
minix/minix/servers/vfs/misc.c
minix/minix/servers/vfs/cdev.c
minix/minix/servers/vfs/bdev.c
minix/minix/servers/vfs/vmnt.c
minix/minix/servers/vfs/open.c
minix/minix/servers/vfs/dmap.c
minix/minix/servers/vfs/comm.c
minix/minix/servers/ds/main.c
minix/minix/servers/input/input.c
minix/minix/servers/is/dmp_vm.c
minix/minix/servers/is/dmp.c
minix/minix/servers/rs/table.c
minix/minix/servers/rs/request.c
minix/minix/servers/rs/exec.c
minix/minix/servers/rs/utility.c
minix/minix/servers/rs/update.c
minix/minix/servers/rs/main.c
minix/minix/servers/rs/manager.c
minix/minix/servers/mib/kern.c
minix/minix/servers/mib/hw.c
minix/minix/servers/mib/vm.c
minix/minix/servers/mib/main.c
minix/minix/servers/mib/proc.c
minix/minix/servers/vm/mem_directphys.c
minix/minix/servers/vm/pagetable.c
minix/minix/servers/vm/mem_file.c
minix/minix/servers/vm/pagefaults.c
minix/minix/servers/vm/fork.c
minix/minix/servers/vm/utility.c
minix/minix/servers/vm/mmap.c
minix/minix/servers/vm/break.c
minix/minix/servers/vm/pb.c
minix/minix/servers/vm/region.c
minix/minix/servers/vm/exit.c
minix/minix/servers/vm/alloc.c
minix/minix/servers/vm/mem_anon.c
minix/minix/servers/vm/slaballoc.c
minix/minix/servers/vm/mem_shared.c
minix/minix/servers/vm/main.c
minix/minix/servers/vm/acl.c
minix/minix/servers/vm/cache.c
minix/minix/servers/vm/mem_anon_contig.c
minix/minix/servers/vm/fdref.c
minix/minix/servers/vm/mem_cache.c
minix/minix/servers/vm/rs.c
minix/minix/servers/vm/vfs.c
minix/minix/servers/devman/bind.c
minix/minix/servers/devman/main.c
minix/minix/servers/devman/device.c
minix/minix/servers/devman/buf.c
minix/minix/servers/ipc/shm.c
minix/minix/servers/ipc/sem.c
minix/minix/servers/ipc/main.c
minix/minix/kernel/table.c
minix/minix/kernel/system.c
minix/minix/kernel/system/do_fork.c
minix/minix/kernel/system/do_safecopy.c
minix/minix/kernel/system/do_copy.c
minix/minix/kernel/system/do_clear.c
minix/minix/kernel/system/do_update.c
minix/minix/kernel/system/do_getinfo.c
minix/minix/kernel/system/do_safememset.c
minix/minix/kernel/system/do_vmctl.c
minix/minix/kernel/system/do_umap_remote.c
minix/minix/kernel/system/do_trace.c
minix/minix/kernel/system/do_sigsend.c
minix/minix/kernel/system/do_diagctl.c
minix/minix/kernel/system/do_vumap.c
minix/minix/kernel/system/do_memset.c
minix/minix/kernel/main.c
minix/minix/kernel/arch/i386/pre_init.c
minix/minix/kernel/arch/i386/arch_do_vmctl.c
minix/minix/kernel/arch/i386/memory.c
minix/minix/kernel/arch/i386/protect.c
minix/minix/kernel/arch/i386/exception.c
minix/minix/kernel/arch/i386/pg_utils.c
minix/minix/kernel/arch/i386/arch_system.c
minix/minix/kernel/arch/i386/do_readbios.c
minix/minix/kernel/arch/i386/oxpcie.c
minix/minix/kernel/arch/i386/arch_reset.c
minix/minix/kernel/arch/i386/acpi.c
minix/minix/kernel/arch/earm/pre_init.c
minix/minix/kernel/arch/earm/arch_do_vmctl.c
minix/minix/kernel/arch/earm/memory.c
minix/minix/kernel/arch/earm/protect.c
minix/minix/kernel/arch/earm/exception.c
minix/minix/kernel/arch/earm/pg_utils.c
minix/minix/kernel/arch/earm/arch_system.c
minix/minix/kernel/arch/earm/bsp/ti/omap_reset.c
minix/minix/kernel/arch/earm/bsp/ti/omap_intr.c
minix/minix/kernel/arch/earm/bsp/ti/omap_serial.c
minix/minix/kernel/arch/earm/bsp/ti/omap_rtc.c
minix/minix/kernel/arch/earm/arch_reset.c
minix/minix/kernel/proc.c
minix/minix/kernel/smp.c
